Tiempo en segundos: 0.188162
Posiciones finales de los cuerpos:
Cuerpo 0: (-0.000010, -0.000010, 0.000000)
Cuerpo 1: (-0.999978, 0.001000, 0.000000)
Cuerpo 2: (2.672622, -0.000000, 0.739978)
Cuerpo 3: (2.444008, -0.000000, 0.896016)
Cuerpo 4: (2.181386, -0.000000, 0.983412)
Cuerpo 5: (1.904850, -0.000000, 0.995459)
Cuerpo 6: (1.635612, 0.000000, 0.931245)
Cuerpo 7: (1.394288, 0.000000, 0.795686)
Cuerpo 8: (1.199382, 0.000000, 0.599176)
Cuerpo 9: (1.065783, 0.000000, 0.356748)
Cuerpo 10: (1.003769, 0.000000, 0.086999)
Cuerpo 11: (1.018082, 0.000000, -0.189414)
Cuerpo 12: (1.107640, 0.000000, -0.451325)
Cuerpo 13: (1.265530, 0.000000, -0.678648)
Cuerpo 14: (1.479702, 0.000000, -0.853985)
Cuerpo 15: (1.733735, 0.000000, -0.963897)
Cuerpo 16: (2.008174, 0.000000, -0.999967)
Cuerpo 17: (2.281970, 0.000000, -0.959418)
Cuerpo 18: (2.534170, 0.000000, -0.845370)
Cuerpo 19: (2.745446, 0.000000, -0.666556)
Cuerpo 20: (2.899618, 0.000000, -0.436677)
Cuerpo 21: (2.984855, -0.000000, -0.173341)
Cuerpo 22: (2.885075, 0.822374, -0.000000)
Cuerpo 23: (2.848237, 0.811874, 0.274125)
Cuerpo 24: (2.740549, 0.781178, 0.527250)
Cuerpo 25: (2.570245, 0.732634, 0.739978)
Cuerpo 26: (2.350388, 0.669965, 0.896016)
Cuerpo 27: (2.097818, 0.597971, 0.983408)
Cuerpo 28: (1.831892, 0.522170, 0.995464)
Cuerpo 29: (1.572958, 0.448363, 0.931245)
Cuerpo 30: (1.340878, 0.382210, 0.795686)
Cuerpo 31: (1.153424, 0.328777, 0.599168)
Cuerpo 32: (1.024975, 0.292163, 0.356754)
Cuerpo 33: (0.965319, 0.275159, 0.086999)
Cuerpo 34: (0.979083, 0.279082, -0.189414)
Cuerpo 35: (1.065194, 0.303628, -0.451318)
Cuerpo 36: (1.217065, 0.346917, -0.678655)
Cuerpo 37: (1.423021, 0.405624, -0.853985)
Cuerpo 38: (1.667323, 0.475261, -0.963897)
Cuerpo 39: (1.931240, 0.550489, -0.999962)
Cuerpo 40: (2.194564, 0.625548, -0.959421)
Cuerpo 41: (2.437097, 0.694681, -0.845370)
Cuerpo 42: (2.640279, 0.752597, -0.666556)
Cuerpo 43: (2.788539, 0.794857, -0.436676)
Cuerpo 44: (2.870523, 0.818227, -0.173341)
Cuerpo 45: (2.549126, 1.581745, -0.000000)
Cuerpo 46: (2.516577, 1.561548, 0.274125)
Cuerpo 47: (2.421423, 1.502505, 0.527249)
Cuerpo 48: (2.270961, 1.409142, 0.739980)
Cuerpo 49: (2.076700, 1.288602, 0.896016)
Cuerpo 50: (1.853539, 1.150131, 0.983408)
Cuerpo 51: (1.618571, 1.004332, 0.995459)
Cuerpo 52: (1.389805, 0.862381, 0.931251)
Cuerpo 53: (1.184742, 0.735138, 0.795686)
Cuerpo 54: (1.019115, 0.632366, 0.599168)
Cuerpo 55: (0.905606, 0.561933, 0.356747)
Cuerpo 56: (0.852932, 0.529249, 0.087001)
Cuerpo 57: (0.865075, 0.536783, -0.189414)
Cuerpo 58: (0.941158, 0.583994, -0.451318)
Cuerpo 59: (1.075333, 0.667250, -0.678648)
Cuerpo 60: (1.257328, 0.780178, -0.853992)
Cuerpo 61: (1.473173, 0.914111, -0.963897)
Cuerpo 62: (1.706359, 1.058805, -0.999962)
Cuerpo 63: (1.939013, 1.203167, -0.959418)
Cuerpo 64: (2.153317, 1.336144, -0.845372)
Cuerpo 65: (2.332835, 1.447535, -0.666556)
Cuerpo 66: (2.463831, 1.528819, -0.436676)
Cuerpo 67: (2.536263, 1.573763, -0.173341)
Cuerpo 68: (2.017887, 2.219940, -0.000000)
Cuerpo 69: (1.992116, 2.191590, 0.274125)
Cuerpo 70: (1.916793, 2.108724, 0.527248)
Cuerpo 71: (1.797683, 1.977687, 0.739978)
Cuerpo 72: (1.643916, 1.808523, 0.896019)
Cuerpo 73: (1.467258, 1.614176, 0.983408)
Cuerpo 74: (1.281258, 1.409551, 0.995459)
Cuerpo 75: (1.100160, 1.210320, 0.931245)
Cuerpo 76: (0.937847, 1.031754, 0.795693)
Cuerpo 77: (0.806729, 0.887508, 0.599168)
Cuerpo 78: (0.716876, 0.788658, 0.356747)
Cuerpo 79: (0.675164, 0.742769, 0.086999)
Cuerpo 80: (0.684806, 0.753376, -0.189418)
Cuerpo 81: (0.745019, 0.819619, -0.451318)
Cuerpo 82: (0.851231, 0.936466, -0.678648)
Cuerpo 83: (0.995290, 1.094950, -0.853985)
Cuerpo 84: (1.166167, 1.282936, -0.963903)
Cuerpo 85: (1.350751, 1.486002, -0.999962)
Cuerpo 86: (1.534919, 1.688612, -0.959418)
Cuerpo 87: (1.704556, 1.875235, -0.845370)
Cuerpo 88: (1.846671, 2.031580, -0.666558)
Cuerpo 89: (1.950363, 2.145656, -0.436676)
Cuerpo 90: (2.007701, 2.208734, -0.173341)
Cuerpo 91: (1.332044, 2.688051, -0.000000)
Cuerpo 92: (1.315039, 2.653734, 0.274125)
Cuerpo 93: (1.265314, 2.553389, 0.527249)
Cuerpo 94: (1.186686, 2.394720, 0.739978)
Cuerpo 95: (1.085178, 2.189878, 0.896016)
Cuerpo 96: (0.968570, 1.954563, 0.983412)
Cuerpo 97: (0.845784, 1.706782, 0.995459)
Cuerpo 98: (0.726237, 1.465539, 0.931245)
Cuerpo 99: (0.619086, 1.249308, 0.795686)
Cuerpo 100: (0.532545, 1.074669, 0.599176)
Cuerpo 101: (0.473224, 0.954962, 0.356748)
Cuerpo 102: (0.445689, 0.899396, 0.086999)
Cuerpo 103: (0.452044, 0.912221, -0.189414)
Cuerpo 104: (0.491810, 0.992467, -0.451325)
Cuerpo 105: (0.561915, 1.133938, -0.678648)
Cuerpo 106: (0.657011, 1.325841, -0.853985)
Cuerpo 107: (0.769806, 1.553459, -0.963897)
Cuerpo 108: (0.891661, 1.799362, -0.999967)
Cuerpo 109: (1.013231, 2.044688, -0.959418)
Cuerpo 110: (1.125212, 2.270665, -0.845370)
Cuerpo 111: (1.219022, 2.459972, -0.666556)
Cuerpo 112: (1.287477, 2.598113, -0.436677)
Cuerpo 113: (1.325323, 2.674487, -0.173341)
Cuerpo 114: (0.544156, 2.950229, 0.000000)
Cuerpo 115: (0.537208, 2.912559, 0.274125)
Cuerpo 116: (0.516897, 2.802439, 0.527250)
Cuerpo 117: (0.484776, 2.628289, 0.739978)
Cuerpo 118: (0.443308, 2.403467, 0.896016)
Cuerpo 119: (0.395671, 2.145193, 0.983408)
Cuerpo 120: (0.345514, 1.873262, 0.995464)
Cuerpo 121: (0.296677, 1.608481, 0.931245)
Cuerpo 122: (0.252904, 1.371159, 0.795686)
Cuerpo 123: (0.217548, 1.179472, 0.599168)
Cuerpo 124: (0.193321, 1.048122, 0.356754)
Cuerpo 125: (0.182070, 0.987119, 0.086999)
Cuerpo 126: (0.184665, 1.001194, -0.189414)
Cuerpo 127: (0.200907, 1.089250, -0.451318)
Cuerpo 128: (0.229551, 1.244550, -0.678655)
Cuerpo 129: (0.268397, 1.455157, -0.853985)
Cuerpo 130: (0.314475, 1.704976, -0.963897)
Cuerpo 131: (0.364252, 1.974854, -0.999962)
Cuerpo 132: (0.413918, 2.244124, -0.959421)
Cuerpo 133: (0.459662, 2.492134, -0.845370)
Cuerpo 134: (0.497985, 2.699905, -0.666556)
Cuerpo 135: (0.525948, 2.851513, -0.436676)
Cuerpo 136: (0.541411, 2.935349, -0.173341)
Cuerpo 137: (-0.285421, 2.986385, 0.000000)
Cuerpo 138: (-0.281777, 2.948252, 0.274125)
Cuerpo 139: (-0.271123, 2.836776, 0.527248)
Cuerpo 140: (-0.254276, 2.660506, 0.739980)
Cuerpo 141: (-0.232525, 2.432922, 0.896016)
Cuerpo 142: (-0.207538, 2.171483, 0.983408)
Cuerpo 143: (-0.181229, 1.896209, 0.995459)
Cuerpo 144: (-0.155614, 1.628202, 0.931251)
Cuerpo 145: (-0.132654, 1.387964, 0.795686)
Cuerpo 146: (-0.114109, 1.193927, 0.599168)
Cuerpo 147: (-0.101400, 1.060948, 0.356747)
Cuerpo 148: (-0.095502, 0.999238, 0.087001)
Cuerpo 149: (-0.096861, 1.013464, -0.189414)
Cuerpo 150: (-0.105380, 1.102598, -0.451318)
Cuerpo 151: (-0.120404, 1.259788, -0.678648)
Cuerpo 152: (-0.140781, 1.473001, -0.853992)
Cuerpo 153: (-0.164949, 1.725871, -0.963897)
Cuerpo 154: (-0.191058, 1.999056, -0.999962)
Cuerpo 155: (-0.217108, 2.271618, -0.959418)
Cuerpo 156: (-0.241103, 2.522682, -0.845372)
Cuerpo 157: (-0.261204, 2.732993, -0.666556)
Cuerpo 158: (-0.275871, 2.886458, -0.436676)
Cuerpo 159: (-0.283981, 2.971315, -0.173341)
Cuerpo 160: (-1.093134, 2.793753, -0.000000)
Cuerpo 161: (-1.079175, 2.758075, 0.274125)
Cuerpo 162: (-1.038370, 2.653790, 0.527248)
Cuerpo 163: (-0.973845, 2.488882, 0.739978)
Cuerpo 164: (-0.890546, 2.275992, 0.896019)
Cuerpo 165: (-0.794847, 2.031411, 0.983408)
Cuerpo 166: (-0.694086, 1.773894, 0.995459)
Cuerpo 167: (-0.595981, 1.523165, 0.931245)
Cuerpo 168: (-0.508053, 1.298444, 0.795693)
Cuerpo 169: (-0.437023, 1.116912, 0.599168)
Cuerpo 170: (-0.388348, 0.992511, 0.356747)
Cuerpo 171: (-0.365752, 0.934761, 0.086999)
Cuerpo 172: (-0.370975, 0.948109, -0.189418)
Cuerpo 173: (-0.403594, 1.031475, -0.451318)
Cuerpo 174: (-0.461131, 1.178525, -0.678647)
Cuerpo 175: (-0.539172, 1.377974, -0.853985)
Cuerpo 176: (-0.631739, 1.614552, -0.963903)
Cuerpo 177: (-0.731732, 1.870106, -0.999962)
Cuerpo 178: (-0.831500, 2.125086, -0.959418)
Cuerpo 179: (-0.923396, 2.359949, -0.845370)
Cuerpo 180: (-1.000383, 2.556706, -0.666558)
Cuerpo 181: (-1.056556, 2.700267, -0.436676)
Cuerpo 182: (-1.087617, 2.779649, -0.173341)
Cuerpo 183: (-1.817095, 2.387075, -0.000000)
Cuerpo 184: (-1.793898, 2.356600, 0.274125)
Cuerpo 185: (-1.726065, 2.267491, 0.527249)
Cuerpo 186: (-1.618807, 2.126587, 0.739978)
Cuerpo 187: (-1.480336, 1.944680, 0.896016)
Cuerpo 188: (-1.321265, 1.735714, 0.983412)
Cuerpo 189: (-1.153768, 1.515677, 0.995459)
Cuerpo 190: (-0.990690, 1.301445, 0.931245)
Cuerpo 191: (-0.844520, 1.109425, 0.795686)
Cuerpo 192: (-0.726466, 0.954340, 0.599176)
Cuerpo 193: (-0.645544, 0.848036, 0.356748)
Cuerpo 194: (-0.607984, 0.798692, 0.086998)
Cuerpo 195: (-0.616653, 0.810080, -0.189414)
Cuerpo 196: (-0.670898, 0.881341, -0.451325)
Cuerpo 197: (-0.766531, 1.006973, -0.678648)
Cuerpo 198: (-0.896256, 1.177389, -0.853985)
Cuerpo 199: (-1.050124, 1.379521, -0.963897)
Cuerpo 200: (-1.216351, 1.597890, -0.999967)
Cuerpo 201: (-1.382189, 1.815747, -0.959418)
Cuerpo 202: (-1.534947, 2.016422, -0.845370)
Cuerpo 203: (-1.662916, 2.184533, -0.666556)
Cuerpo 204: (-1.756299, 2.307207, -0.436677)
Cuerpo 205: (-1.807926, 2.375030, -0.173341)
Cuerpo 206: (-2.401848, 1.797523, -0.000000)
Cuerpo 207: (-2.371179, 1.774570, 0.274125)
Cuerpo 208: (-2.281528, 1.707477, 0.527250)
Cuerpo 209: (-2.139749, 1.601370, 0.739978)
Cuerpo 210: (-1.956716, 1.464390, 0.896016)
Cuerpo 211: (-1.746449, 1.307028, 0.983408)
Cuerpo 212: (-1.525064, 1.141345, 0.995464)
Cuerpo 213: (-1.309500, 0.980019, 0.931245)
Cuerpo 214: (-1.116292, 0.835423, 0.795686)
Cuerpo 215: (-0.960235, 0.718631, 0.599167)
Cuerpo 216: (-0.853300, 0.638601, 0.356753)
Cuerpo 217: (-0.803636, 0.601434, 0.086999)
Cuerpo 218: (-0.815095, 0.610009, -0.189414)
Cuerpo 219: (-0.886783, 0.663660, -0.451317)
Cuerpo 220: (-1.013216, 0.758282, -0.678655)
Cuerpo 221: (-1.184676, 0.886602, -0.853985)
Cuerpo 222: (-1.388059, 1.038812, -0.963897)
Cuerpo 223: (-1.607772, 1.203244, -0.999962)
Cuerpo 224: (-1.826991, 1.367305, -0.959421)
Cuerpo 225: (-2.028902, 1.518413, -0.845370)
Cuerpo 226: (-2.198053, 1.645004, -0.666556)
Cuerpo 227: (-2.321481, 1.737376, -0.436676)
Cuerpo 228: (-2.389733, 1.788456, -0.173341)
Cuerpo 229: (-2.802589, 1.070260, 0.000000)
Cuerpo 230: (-2.766803, 1.056594, 0.274125)
Cuerpo 231: (-2.662188, 1.016643, 0.527248)
Cuerpo 232: (-2.496766, 0.953471, 0.739980)
Cuerpo 233: (-2.283189, 0.871910, 0.896016)
Cuerpo 234: (-2.037839, 0.778215, 0.983408)
Cuerpo 235: (-1.779508, 0.679563, 0.995459)
Cuerpo 236: (-1.527995, 0.583514, 0.931251)
Cuerpo 237: (-1.302542, 0.497418, 0.795686)
Cuerpo 238: (-1.120447, 0.427878, 0.599167)
Cuerpo 239: (-0.995652, 0.380221, 0.356746)
Cuerpo 240: (-0.937741, 0.358104, 0.087000)
Cuerpo 241: (-0.951091, 0.363205, -0.189414)
Cuerpo 242: (-1.034740, 0.395148, -0.451317)
Cuerpo 243: (-1.182255, 0.451482, -0.678647)
Cuerpo 244: (-1.382346, 0.527894, -0.853992)
Cuerpo 245: (-1.619653, 0.618517, -0.963897)
Cuerpo 246: (-1.876024, 0.716421, -0.999962)
Cuerpo 247: (-2.131812, 0.814101, -0.959417)
Cuerpo 248: (-2.367424, 0.904078, -0.845372)
Cuerpo 249: (-2.564792, 0.979449, -0.666556)
Cuerpo 250: (-2.708812, 1.034448, -0.436676)
Cuerpo 251: (-2.788447, 1.064859, -0.173341)
Cuerpo 252: (-2.988625, 0.261002, -0.000000)
Cuerpo 253: (-2.950458, 0.257669, 0.274125)
Cuerpo 254: (-2.838898, 0.247926, 0.527248)
Cuerpo 255: (-2.662488, 0.232519, 0.739978)
Cuerpo 256: (-2.434749, 0.212631, 0.896019)
Cuerpo 257: (-2.173107, 0.189781, 0.983408)
Cuerpo 258: (-1.897627, 0.165723, 0.995459)
Cuerpo 259: (-1.629409, 0.142299, 0.931244)
Cuerpo 260: (-1.389013, 0.121305, 0.795693)
Cuerpo 261: (-1.194820, 0.104346, 0.599168)
Cuerpo 262: (-1.061741, 0.092723, 0.356745)
Cuerpo 263: (-0.999963, 0.087322, 0.086992)
Cuerpo 264: (-1.014243, 0.088573, -0.189413)
Cuerpo 265: (-1.103423, 0.096364, -0.451318)
Cuerpo 266: (-1.260730, 0.110101, -0.678646)
Cuerpo 267: (-1.474091, 0.128735, -0.853984)
Cuerpo 268: (-1.727171, 0.150837, -0.963903)
Cuerpo 269: (-2.000551, 0.174711, -0.999962)
Cuerpo 270: (-2.273317, 0.198532, -0.959417)
Cuerpo 271: (-2.524561, 0.220474, -0.845370)
Cuerpo 272: (-2.735043, 0.238856, -0.666558)
Cuerpo 273: (-2.888617, 0.252268, -0.436676)
Cuerpo 274: (-2.973537, 0.259684, -0.173341)
Cuerpo 275: (-2.945683, -0.568253, 0.000000)
Cuerpo 276: (-2.908077, -0.560999, 0.274125)
Cuerpo 277: (-2.798114, -0.539786, 0.527249)
Cuerpo 278: (-2.624238, -0.506243, 0.739978)
Cuerpo 279: (-2.399763, -0.462939, 0.896016)
Cuerpo 280: (-2.141895, -0.413194, 0.983412)
Cuerpo 281: (-1.870366, -0.360813, 0.995459)
Cuerpo 282: (-1.606001, -0.309814, 0.931244)
Cuerpo 283: (-1.369046, -0.264103, 0.795685)
Cuerpo 284: (-1.177669, -0.227184, 0.599174)
Cuerpo 285: (-1.046488, -0.201879, 0.356748)
Cuerpo 286: (-0.985598, -0.190127, 0.086996)
Cuerpo 287: (-0.999651, -0.192840, -0.189411)
Cuerpo 288: (-1.087588, -0.209806, -0.451323)
Cuerpo 289: (-1.242619, -0.239714, -0.678648)
Cuerpo 290: (-1.452914, -0.280282, -0.853984)
Cuerpo 291: (-1.702348, -0.328401, -0.963896)
Cuerpo 292: (-1.971819, -0.380385, -0.999967)
Cuerpo 293: (-2.240658, -0.432246, -0.959418)
Cuerpo 294: (-2.488293, -0.480018, -0.845370)
Cuerpo 295: (-2.695744, -0.520037, -0.666556)
Cuerpo 296: (-2.847125, -0.549240, -0.436677)
Cuerpo 297: (-2.930819, -0.565386, -0.173341)
Cuerpo 298: (-2.677073, -1.353972, -0.000000)
Cuerpo 299: (-2.642890, -1.336684, 0.274125)
Cuerpo 300: (-2.542967, -1.286146, 0.527250)
Cuerpo 301: (-2.384940, -1.206222, 0.739978)
Cuerpo 302: (-2.180934, -1.103042, 0.896016)
Cuerpo 303: (-1.946573, -0.984510, 0.983408)
Cuerpo 304: (-1.699820, -0.859711, 0.995464)
Cuerpo 305: (-1.459554, -0.738193, 0.931245)
Cuerpo 306: (-1.244206, -0.629277, 0.795686)
Cuerpo 307: (-1.070267, -0.541304, 0.599167)
Cuerpo 308: (-0.951078, -0.481021, 0.356753)
Cuerpo 309: (-0.895723, -0.453026, 0.086999)
Cuerpo 310: (-0.908496, -0.459484, -0.189413)
Cuerpo 311: (-0.988398, -0.499897, -0.451317)
Cuerpo 312: (-1.129319, -0.571171, -0.678655)
Cuerpo 313: (-1.320427, -0.667827, -0.853985)
Cuerpo 314: (-1.547115, -0.782478, -0.963897)
Cuerpo 315: (-1.792005, -0.906335, -0.999962)
Cuerpo 316: (-2.036344, -1.029914, -0.959421)
Cuerpo 317: (-2.261391, -1.143735, -0.845370)
Cuerpo 318: (-2.449925, -1.239089, -0.666556)
Cuerpo 319: (-2.587496, -1.308667, -0.436676)
Cuerpo 320: (-2.663570, -1.347143, -0.173341)
Cuerpo 321: (-2.203368, -2.035962, 0.000000)
Cuerpo 322: (-2.175233, -2.009965, 0.274125)
Cuerpo 323: (-2.092986, -1.933966, 0.527248)
Cuerpo 324: (-1.962931, -1.813793, 0.739980)
Cuerpo 325: (-1.795020, -1.658639, 0.896016)
Cuerpo 326: (-1.602129, -1.480403, 0.983408)
Cuerpo 327: (-1.399031, -1.292736, 0.995459)
Cuerpo 328: (-1.201294, -1.110023, 0.931251)
Cuerpo 329: (-1.024045, -0.946241, 0.795686)
Cuerpo 330: (-0.880884, -0.813956, 0.599168)
Cuerpo 331: (-0.782772, -0.723298, 0.356747)
Cuerpo 332: (-0.737242, -0.681227, 0.087000)
Cuerpo 333: (-0.747738, -0.690927, -0.189414)
Cuerpo 334: (-0.813502, -0.751693, -0.451317)
Cuerpo 335: (-0.929477, -0.858857, -0.678647)
Cuerpo 336: (-1.086786, -1.004215, -0.853992)
Cuerpo 337: (-1.273354, -1.176608, -0.963897)
Cuerpo 338: (-1.474912, -1.362852, -0.999962)
Cuerpo 339: (-1.676009, -1.548670, -0.959417)
Cuerpo 340: (-1.861245, -1.719832, -0.845372)
Cuerpo 341: (-2.016414, -1.863211, -0.666556)
Cuerpo 342: (-2.129641, -1.967836, -0.436676)
Cuerpo 343: (-2.192249, -2.025688, -0.173341)
Cuerpo 344: (-1.560859, -2.561976, -0.000000)
Cuerpo 345: (-1.540926, -2.529257, 0.274125)
Cuerpo 346: (-1.482662, -2.433624, 0.527248)
Cuerpo 347: (-1.390529, -2.282398, 0.739978)
Cuerpo 348: (-1.271588, -2.087170, 0.896019)
Cuerpo 349: (-1.134941, -1.862879, 0.983408)
Cuerpo 350: (-0.991068, -1.626726, 0.995459)
Cuerpo 351: (-0.850987, -1.396799, 0.931245)
Cuerpo 352: (-0.725435, -1.190721, 0.795693)
Cuerpo 353: (-0.624015, -1.024250, 0.599168)
Cuerpo 354: (-0.554513, -0.910169, 0.356747)
Cuerpo 355: (-0.522248, -0.857210, 0.086998)
Cuerpo 356: (-0.529705, -0.869451, -0.189418)
Cuerpo 357: (-0.576281, -0.945901, -0.451318)
Cuerpo 358: (-0.658438, -1.080751, -0.678647)
Cuerpo 359: (-0.769869, -1.263654, -0.853985)
Cuerpo 360: (-0.902044, -1.480604, -0.963903)
Cuerpo 361: (-1.044821, -1.714957, -0.999962)
Cuerpo 362: (-1.187278, -1.948783, -0.959418)
Cuerpo 363: (-1.318494, -2.164161, -0.845370)
Cuerpo 364: (-1.428422, -2.344595, -0.666558)
Cuerpo 365: (-1.508628, -2.476245, -0.436676)
Cuerpo 366: (-1.552979, -2.549042, -0.173341)
Cuerpo 367: (-0.798764, -2.891701, 0.000000)
Cuerpo 368: (-0.788567, -2.854784, 0.274125)
Cuerpo 369: (-0.758749, -2.746837, 0.527249)
Cuerpo 370: (-0.711600, -2.576147, 0.739978)
Cuerpo 371: (-0.650730, -2.355786, 0.896016)
Cuerpo 372: (-0.580806, -2.102643, 0.983412)
Cuerpo 373: (-0.507177, -1.836090, 0.995459)
Cuerpo 374: (-0.435491, -1.576570, 0.931245)
Cuerpo 375: (-0.371237, -1.343958, 0.795686)
Cuerpo 376: (-0.319342, -1.156088, 0.599176)
Cuerpo 377: (-0.283770, -1.027311, 0.356748)
Cuerpo 378: (-0.267260, -0.967535, 0.086999)
Cuerpo 379: (-0.271070, -0.981331, -0.189414)
Cuerpo 380: (-0.294915, -1.067657, -0.451325)
Cuerpo 381: (-0.336954, -1.219847, -0.678648)
Cuerpo 382: (-0.393979, -1.426288, -0.853985)
Cuerpo 383: (-0.461616, -1.671151, -0.963897)
Cuerpo 384: (-0.534687, -1.935684, -0.999967)
Cuerpo 385: (-0.607587, -2.199596, -0.959418)
Cuerpo 386: (-0.674736, -2.442693, -0.845370)
Cuerpo 387: (-0.730990, -2.646343, -0.666556)
Cuerpo 388: (-0.772039, -2.794950, -0.436677)
Cuerpo 389: (-0.794734, -2.877110, -0.173341)
Cuerpo 390: (0.024522, -2.999893, 0.000000)
Cuerpo 391: (0.024209, -2.961588, 0.274125)
Cuerpo 392: (0.023294, -2.849615, 0.527250)
Cuerpo 393: (0.021846, -2.672533, 0.739978)
Cuerpo 394: (0.019977, -2.443927, 0.896016)
Cuerpo 395: (0.017831, -2.181305, 0.983408)
Cuerpo 396: (0.015570, -1.904796, 0.995464)
Cuerpo 397: (0.013370, -1.635557, 0.931245)
Cuerpo 398: (0.011397, -1.394241, 0.795686)
Cuerpo 399: (0.009803, -1.199327, 0.599168)
Cuerpo 400: (0.008711, -1.065766, 0.356754)
Cuerpo 401: (0.008205, -1.003736, 0.086999)
Cuerpo 402: (0.008321, -1.018048, -0.189414)
Cuerpo 403: (0.009053, -1.107586, -0.451318)
Cuerpo 404: (0.010344, -1.265501, -0.678655)
Cuerpo 405: (0.012095, -1.479653, -0.853985)
Cuerpo 406: (0.014171, -1.733677, -0.963897)
Cuerpo 407: (0.016415, -2.008099, -0.999962)
Cuerpo 408: (0.018653, -2.281901, -0.959421)
Cuerpo 409: (0.020714, -2.534086, -0.845370)
Cuerpo 410: (0.022441, -2.745354, -0.666556)
Cuerpo 411: (0.023701, -2.899515, -0.436676)
Cuerpo 412: (0.024398, -2.984762, -0.173341)
Cuerpo 413: (0.845930, -2.878257, -0.000000)
Cuerpo 414: (0.835128, -2.841505, 0.274125)
Cuerpo 415: (0.803551, -2.734066, 0.527248)
Cuerpo 416: (0.753620, -2.564177, 0.739980)
Cuerpo 417: (0.689155, -2.344833, 0.896016)
Cuerpo 418: (0.615099, -2.092860, 0.983408)
Cuerpo 419: (0.537124, -1.827553, 0.995459)
Cuerpo 420: (0.461208, -1.569250, 0.931251)
Cuerpo 421: (0.393158, -1.337710, 0.795686)
Cuerpo 422: (0.338194, -1.150698, 0.599168)
Cuerpo 423: (0.300526, -1.022534, 0.356747)
Cuerpo 424: (0.283046, -0.963059, 0.087001)
Cuerpo 425: (0.287076, -0.976770, -0.189414)
Cuerpo 426: (0.312324, -1.062677, -0.451318)
Cuerpo 427: (0.356850, -1.214175, -0.678648)
Cuerpo 428: (0.417246, -1.419669, -0.853992)
Cuerpo 429: (0.488874, -1.663382, -0.963897)
Cuerpo 430: (0.566257, -1.926676, -0.999962)
Cuerpo 431: (0.643463, -2.189370, -0.959418)
Cuerpo 432: (0.714580, -2.431343, -0.845372)
Cuerpo 433: (0.774153, -2.634039, -0.666556)
Cuerpo 434: (0.817624, -2.781948, -0.436676)
Cuerpo 435: (0.841661, -2.863733, -0.173341)
Cuerpo 436: (1.602533, -2.536117, 0.000000)
Cuerpo 437: (1.582067, -2.503729, 0.274125)
Cuerpo 438: (1.522247, -2.409061, 0.527248)
Cuerpo 439: (1.427654, -2.259361, 0.739978)
Cuerpo 440: (1.305538, -2.066103, 0.896019)
Cuerpo 441: (1.165243, -1.844076, 0.983408)
Cuerpo 442: (1.017528, -1.610308, 0.995459)
Cuerpo 443: (0.873707, -1.382701, 0.931245)
Cuerpo 444: (0.744804, -1.178703, 0.795693)
Cuerpo 445: (0.640675, -1.013912, 0.599168)
Cuerpo 446: (0.569317, -0.900983, 0.356747)
Cuerpo 447: (0.536191, -0.848559, 0.086999)
Cuerpo 448: (0.543848, -0.860677, -0.189418)
Cuerpo 449: (0.591667, -0.936354, -0.451318)
Cuerpo 450: (0.676017, -1.069843, -0.678648)
Cuerpo 451: (0.790424, -1.250900, -0.853985)
Cuerpo 452: (0.926127, -1.465660, -0.963903)
Cuerpo 453: (1.072717, -1.697648, -0.999962)
Cuerpo 454: (1.218977, -1.929114, -0.959418)
Cuerpo 455: (1.353697, -2.142318, -0.845370)
Cuerpo 456: (1.466559, -2.320930, -0.666558)
Cuerpo 457: (1.548907, -2.451252, -0.436676)
Cuerpo 458: (1.594442, -2.523314, -0.173341)
Cuerpo 459: (2.236356, -1.999669, 0.000000)
Cuerpo 460: (2.207805, -1.974140, 0.274125)
Cuerpo 461: (2.124322, -1.899492, 0.527249)
Cuerpo 462: (1.992315, -1.781457, 0.739978)
Cuerpo 463: (1.821894, -1.629073, 0.896016)
Cuerpo 464: (1.626121, -1.454020, 0.983412)
Cuerpo 465: (1.419977, -1.269693, 0.995459)
Cuerpo 466: (1.219272, -1.090230, 0.931245)
Cuerpo 467: (1.039377, -0.929373, 0.795686)
Cuerpo 468: (0.894084, -0.799458, 0.599176)
Cuerpo 469: (0.794491, -0.710406, 0.356748)
Cuerpo 470: (0.748263, -0.669070, 0.086999)
Cuerpo 471: (0.758932, -0.678611, -0.189414)
Cuerpo 472: (0.825694, -0.738306, -0.451325)
Cuerpo 473: (0.943393, -0.843548, -0.678648)
Cuerpo 474: (1.103049, -0.986307, -0.853985)
Cuerpo 475: (1.292418, -1.155635, -0.963897)
Cuerpo 476: (1.497000, -1.338564, -0.999967)
Cuerpo 477: (1.701102, -1.521065, -0.959418)
Cuerpo 478: (1.889106, -1.689171, -0.845370)
Cuerpo 479: (2.046603, -1.829999, -0.666556)
Cuerpo 480: (2.161530, -1.932763, -0.436677)
Cuerpo 481: (2.225071, -1.989579, -0.173341)
Cuerpo 482: (2.698849, -1.310028, -0.000000)
Cuerpo 483: (2.664388, -1.293301, 0.274125)
Cuerpo 484: (2.563652, -1.244403, 0.527250)
Cuerpo 485: (2.404340, -1.167072, 0.739978)
Cuerpo 486: (2.198675, -1.067242, 0.896016)
Cuerpo 487: (1.962407, -0.952557, 0.983408)
Cuerpo 488: (1.713647, -0.831808, 0.995464)
Cuerpo 489: (1.471427, -0.714234, 0.931245)
Cuerpo 490: (1.254327, -0.608853, 0.795686)
Cuerpo 491: (1.078973, -0.523736, 0.599168)
Cuerpo 492: (0.958815, -0.465411, 0.356754)
Cuerpo 493: (0.903010, -0.438323, 0.086999)
Cuerpo 494: (0.915885, -0.444573, -0.189414)
Cuerpo 495: (0.996437, -0.483673, -0.451318)
Cuerpo 496: (1.138506, -0.552633, -0.678655)
Cuerpo 497: (1.331168, -0.646152, -0.853985)
Cuerpo 498: (1.559700, -0.757082, -0.963897)
Cuerpo 499: (1.806582, -0.876919, -0.999962)
Cuerpo 500: (2.052909, -0.996487, -0.959421)
Cuerpo 501: (2.279787, -1.106614, -0.845370)
Cuerpo 502: (2.469854, -1.198873, -0.666556)
Cuerpo 503: (2.608544, -1.266194, -0.436676)
Cuerpo 504: (2.685237, -1.303420, -0.173341)
Cuerpo 505: (2.954579, -0.520023, -0.000000)
Cuerpo 506: (2.916853, -0.513383, 0.274125)
Cuerpo 507: (2.806564, -0.493971, 0.527248)
Cuerpo 508: (2.632170, -0.463277, 0.739980)
Cuerpo 509: (2.407011, -0.423648, 0.896016)
Cuerpo 510: (2.148356, -0.378123, 0.983408)
Cuerpo 511: (1.876014, -0.330189, 0.995459)
