Tiempo en segundos: 0.7756948471
Posiciones finales de los cuerpos:
Cuerpo 0: px=0.000000, py=-0.000000, pz=0.000000
Cuerpo 1: px=-0.180257, py=1.388427, pz=0.005178
Cuerpo 2: px=-0.421396, py=3.626594, pz=1.124759
Cuerpo 3: px=-0.773104, py=3.221591, pz=1.504517
Cuerpo 4: px=-0.488286, py=0.462864, pz=-0.045662
Cuerpo 5: px=-0.959094, py=-1.152864, pz=-0.278792
Cuerpo 6: px=2.048824, py=4.552572, pz=0.363548
Cuerpo 7: px=-0.931157, py=0.515315, pz=0.417244
Cuerpo 8: px=0.710465, py=-0.137721, pz=0.298593
Cuerpo 9: px=-0.991831, py=0.943453, pz=0.087908
Cuerpo 10: px=-182.785980, py=107.260681, pz=75.514740
Cuerpo 11: px=-14.860090, py=0.503563, pz=9.547319
Cuerpo 12: px=5.071362, py=-2.692510, pz=-0.784296
Cuerpo 13: px=-1.510345, py=0.650389, pz=0.332687
Cuerpo 14: px=-4.795652, py=4.896238, pz=-2.863876
Cuerpo 15: px=-8.217762, py=7.064589, pz=-3.279969
Cuerpo 16: px=-0.946466, py=-0.217399, pz=0.216156
Cuerpo 17: px=-0.574125, py=1.258936, pz=-0.395338
Cuerpo 18: px=-0.470045, py=2.682600, pz=-1.080038
Cuerpo 19: px=-0.382324, py=3.242884, pz=-0.870346
Cuerpo 20: px=-0.424111, py=4.456104, pz=-0.937680
Cuerpo 21: px=-0.496844, py=5.370181, pz=-0.709236
Cuerpo 22: px=-0.523032, py=3.770571, pz=0.158425
Cuerpo 23: px=-2.265732, py=4.796682, pz=1.642604
Cuerpo 24: px=-1.004040, py=2.920839, pz=0.745279
Cuerpo 25: px=-1.101488, py=3.253566, pz=0.986356
Cuerpo 26: px=-1.307563, py=3.033262, pz=1.092106
Cuerpo 27: px=-1.093685, py=-1.479457, pz=-0.636837
Cuerpo 28: px=-12.814876, py=11.962789, pz=5.205863
Cuerpo 29: px=-0.816582, py=-1.464268, pz=-0.498014
Cuerpo 30: px=0.081051, py=1.212407, pz=0.138127
Cuerpo 31: px=-12.008770, py=2.011628, pz=-1.872805
Cuerpo 32: px=-2.769879, py=0.446427, pz=-0.480531
Cuerpo 33: px=-29.128662, py=47.018890, pz=10.595825
Cuerpo 34: px=-0.007829, py=-0.259004, pz=0.018709
Cuerpo 35: px=-15.794989, py=-0.161483, pz=3.450307
Cuerpo 36: px=-1.913909, py=2.319909, pz=-0.081587
Cuerpo 37: px=-2.498614, py=4.002707, pz=-0.441523
Cuerpo 38: px=-0.457347, py=-12.580080, pz=5.385423
Cuerpo 39: px=-1.246022, py=-1.545039, pz=0.258005
Cuerpo 40: px=-0.564343, py=-0.188103, pz=0.107713
Cuerpo 41: px=-1.438061, py=3.615223, pz=-1.096548
Cuerpo 42: px=-1.140482, py=3.400166, pz=-0.774897
Cuerpo 43: px=-1.182769, py=3.617141, pz=-0.827004
Cuerpo 44: px=-0.877158, py=2.065948, pz=-0.623049
Cuerpo 45: px=-1.803866, py=3.606376, pz=-0.011948
Cuerpo 46: px=-1.891081, py=3.495073, pz=0.885299
Cuerpo 47: px=-2.253814, py=3.300810, pz=1.118693
Cuerpo 48: px=-2.289986, py=3.539278, pz=0.807275
Cuerpo 49: px=-2.661501, py=3.563286, pz=1.058892
Cuerpo 50: px=-0.293207, py=-0.185931, pz=-0.053523
Cuerpo 51: px=-0.879531, py=-1.452589, pz=-0.429260
Cuerpo 52: px=0.284984, py=-1.039044, pz=0.471308
Cuerpo 53: px=1.672023, py=-2.661198, pz=-2.319571
Cuerpo 54: px=-3.000043, py=1.172578, pz=1.073255
Cuerpo 55: px=-34.900978, py=-4.338243, pz=-4.524821
Cuerpo 56: px=-2.039135, py=-3.715298, pz=-0.637532
Cuerpo 57: px=5.014149, py=0.395819, pz=-0.707617
Cuerpo 58: px=-8.515385, py=1.256326, pz=0.378821
Cuerpo 59: px=-1.434301, py=1.311486, pz=-0.122652
Cuerpo 60: px=0.029219, py=-1.964000, pz=0.942759
Cuerpo 61: px=-0.563479, py=0.375532, pz=-2.449934
Cuerpo 62: px=-0.258855, py=-0.433428, pz=0.074688
Cuerpo 63: px=-0.519074, py=0.700550, pz=-0.030663
Cuerpo 64: px=-1.011537, py=1.636557, pz=-0.349668
Cuerpo 65: px=-1.538827, py=2.387512, pz=-0.763801
Cuerpo 66: px=-0.859761, py=1.187189, pz=-0.384724
Cuerpo 67: px=-1.870261, py=3.573463, pz=-0.620537
Cuerpo 68: px=-2.729805, py=2.909188, pz=-0.085210
Cuerpo 69: px=-2.692295, py=2.800640, pz=0.317582
Cuerpo 70: px=0.166623, py=-0.681559, pz=-0.503677
Cuerpo 71: px=-3.903929, py=2.959426, pz=1.599954
Cuerpo 72: px=-3.021704, py=2.155132, pz=0.306377
Cuerpo 73: px=-2.991381, py=2.042033, pz=0.365339
Cuerpo 74: px=0.103317, py=-1.516577, pz=-0.554785
Cuerpo 75: px=5.431303, py=-8.189872, pz=-4.878090
Cuerpo 76: px=-3.352129, py=1.899931, pz=0.569220
Cuerpo 77: px=-0.402599, py=0.315020, pz=-0.008748
Cuerpo 78: px=0.181610, py=2.446442, pz=-0.500691
Cuerpo 79: px=-5.997517, py=-0.931230, pz=2.059473
Cuerpo 80: px=-42.742519, py=-14.594440, pz=3.562910
Cuerpo 81: px=-0.268411, py=0.761707, pz=0.105968
Cuerpo 82: px=-1.312833, py=0.558547, pz=-1.637512
Cuerpo 83: px=-1.148938, py=1.128229, pz=-0.334811
Cuerpo 84: px=-0.799663, py=0.490325, pz=-0.104474
Cuerpo 85: px=-1.805948, py=1.465333, pz=-0.496302
Cuerpo 86: px=-2.068069, py=1.966159, pz=-0.506591
Cuerpo 87: px=-3.577941, py=2.852016, pz=-0.408294
Cuerpo 88: px=-4.105625, py=3.270168, pz=-1.078760
Cuerpo 89: px=-2.770383, py=2.646803, pz=-0.791971
Cuerpo 90: px=-2.662408, py=2.803158, pz=-0.227501
Cuerpo 91: px=0.341586, py=-0.822452, pz=0.009351
Cuerpo 92: px=10.721590, py=4.556558, pz=-4.615135
Cuerpo 93: px=-3.502270, py=1.233191, pz=1.184600
Cuerpo 94: px=-7.059646, py=0.200010, pz=1.246701
Cuerpo 95: px=-4.316098, py=1.181792, pz=0.430685
Cuerpo 96: px=22.025248, py=5.486370, pz=1.968728
Cuerpo 97: px=-2.605352, py=0.250057, pz=0.324850
Cuerpo 98: px=0.946166, py=-0.916493, pz=-0.815839
Cuerpo 99: px=0.363269, py=-0.419117, pz=-0.200046
Cuerpo 100: px=-0.597730, py=0.409462, pz=0.051639
Cuerpo 101: px=2.263822, py=2.003858, pz=-2.195245
Cuerpo 102: px=-6.435389, py=-6.758304, pz=-0.676687
Cuerpo 103: px=-52.390427, py=20.689232, pz=-10.511280
Cuerpo 104: px=-4.573430, py=-3.723226, pz=1.903442
Cuerpo 105: px=-24.431437, py=4.655120, pz=-9.773039
Cuerpo 106: px=0.092202, py=0.166655, pz=0.655587
Cuerpo 107: px=7.632057, py=2.234383, pz=7.178745
Cuerpo 108: px=1.300322, py=-0.948854, pz=0.991052
Cuerpo 109: px=18.608847, py=6.855660, pz=-4.123516
Cuerpo 110: px=4.243925, py=1.309370, pz=0.060866
Cuerpo 111: px=-2.908239, py=1.254150, pz=-0.832470
Cuerpo 112: px=0.427309, py=0.079420, pz=0.599052
Cuerpo 113: px=-5.825663, py=2.193869, pz=-0.444050
Cuerpo 114: px=-0.455692, py=1.124185, pz=0.006381
Cuerpo 115: px=0.570352, py=11.224007, pz=0.627089
Cuerpo 116: px=-0.380843, py=1.055341, pz=0.089239
Cuerpo 117: px=-1.834952, py=-0.668242, pz=-0.126694
Cuerpo 118: px=-1.693986, py=5.024456, pz=-0.964351
Cuerpo 119: px=5.637627, py=4.517470, pz=0.048536
Cuerpo 120: px=1.420417, py=0.936797, pz=-0.430324
Cuerpo 121: px=-6.934487, py=1.232403, pz=2.283835
Cuerpo 122: px=-1.324251, py=0.856494, pz=0.012294
Cuerpo 123: px=2.462183, py=4.294037, pz=1.895136
Cuerpo 124: px=-43.615925, py=-46.903847, pz=-6.409097
Cuerpo 125: px=-28.967857, py=-1.564701, pz=1.791668
Cuerpo 126: px=4.013885, py=14.377406, pz=-2.034364
Cuerpo 127: px=-3.021122, py=4.832407, pz=5.627700
Cuerpo 128: px=-0.160992, py=0.912171, pz=-0.469325
Cuerpo 129: px=-0.091812, py=1.073122, pz=-0.573705
Cuerpo 130: px=-0.007344, py=1.284158, pz=-0.672712
Cuerpo 131: px=0.065718, py=1.513874, pz=-0.726563
Cuerpo 132: px=0.140318, py=1.799203, pz=-0.717650
Cuerpo 133: px=0.199045, py=2.033343, pz=-0.648763
Cuerpo 134: px=0.237772, py=2.183182, pz=-0.562305
Cuerpo 135: px=0.275171, py=2.330252, pz=-0.398080
Cuerpo 136: px=0.300877, py=2.427788, pz=-0.188316
Cuerpo 137: px=-0.372211, py=2.412520, pz=-0.040157
Cuerpo 138: px=-0.376224, py=2.381320, pz=0.191495
Cuerpo 139: px=-0.375407, py=2.268711, pz=0.403677
Cuerpo 140: px=-0.372169, py=2.094685, pz=0.565629
Cuerpo 141: px=-0.371732, py=1.918303, pz=0.649499
Cuerpo 142: px=-0.371659, py=1.690261, pz=0.690082
Cuerpo 143: px=-0.372955, py=1.391280, pz=0.671064
Cuerpo 144: px=-0.382787, py=1.161620, pz=0.597100
Cuerpo 145: px=-0.397098, py=0.947500, pz=0.466895
Cuerpo 146: px=-0.424307, py=0.763124, pz=0.304951
Cuerpo 147: px=-0.450626, py=0.680334, pz=0.200057
Cuerpo 148: px=-0.443144, py=0.639871, pz=0.073697
Cuerpo 149: px=-0.420995, py=0.664936, pz=-0.127113
Cuerpo 150: px=-0.406099, py=0.772061, pz=-0.327312
Cuerpo 151: px=-0.385368, py=0.892216, pz=-0.444383
Cuerpo 152: px=-0.359719, py=1.014458, pz=-0.525292
Cuerpo 153: px=-0.338547, py=1.226108, pz=-0.626739
Cuerpo 154: px=-0.339731, py=1.505704, pz=-0.694338
Cuerpo 155: px=-0.343359, py=1.754384, pz=-0.694918
Cuerpo 156: px=-0.346191, py=1.991085, pz=-0.626102
Cuerpo 157: px=-0.351230, py=2.174366, pz=-0.519033
Cuerpo 158: px=-0.358125, py=2.296379, pz=-0.388314
Cuerpo 159: px=-0.367584, py=2.390944, pz=-0.179243
Cuerpo 160: px=-1.007490, py=2.201512, pz=-0.008580
Cuerpo 161: px=-1.002448, py=2.170957, pz=0.195692
Cuerpo 162: px=-0.974925, py=2.075943, pz=0.378126
Cuerpo 163: px=-0.923872, py=1.912009, pz=0.541474
Cuerpo 164: px=-0.866691, py=1.724609, pz=0.634337
Cuerpo 165: px=-0.801779, py=1.502522, pz=0.668682
Cuerpo 166: px=-0.732981, py=1.261768, pz=0.645069
Cuerpo 167: px=-0.676812, py=1.055115, pz=0.570057
Cuerpo 168: px=-0.631192, py=0.845343, pz=0.438515
Cuerpo 169: px=-0.593361, py=0.686631, pz=0.285796
Cuerpo 170: px=-0.573879, py=0.621894, pz=0.189597
Cuerpo 171: px=-0.571622, py=0.585256, pz=0.078358
Cuerpo 172: px=-0.583325, py=0.596755, pz=-0.111597
Cuerpo 173: px=-0.596853, py=0.691266, pz=-0.302764
Cuerpo 174: px=-0.598041, py=0.810348, pz=-0.418941
Cuerpo 175: px=-0.610335, py=0.917261, pz=-0.493489
Cuerpo 176: px=-0.662234, py=1.116035, pz=-0.594672
Cuerpo 177: px=-0.735786, py=1.381277, pz=-0.662385
Cuerpo 178: px=-0.795404, py=1.590332, pz=-0.668206
Cuerpo 179: px=-0.853989, py=1.781686, pz=-0.622244
Cuerpo 180: px=-0.913892, py=1.963822, pz=-0.517708
Cuerpo 181: px=-0.964240, py=2.103525, pz=-0.356541
Cuerpo 182: px=-0.999054, py=2.187867, pz=-0.142500
Cuerpo 183: px=-1.559410, py=1.831222, pz=-0.002767
Cuerpo 184: px=-1.543495, py=1.797668, pz=0.199272
Cuerpo 185: px=-1.480965, py=1.695767, pz=0.407021
Cuerpo 186: px=-1.404176, py=1.570618, pz=0.534674
Cuerpo 187: px=-1.319465, py=1.429587, pz=0.604017
Cuerpo 188: px=-1.194913, py=1.228061, pz=0.644529
Cuerpo 189: px=-1.073729, py=1.032072, pz=0.623884
Cuerpo 190: px=-0.959117, py=0.850707, pz=0.546434
Cuerpo 191: px=-0.844739, py=0.681306, pz=0.417076
Cuerpo 192: px=-0.772601, py=0.578232, pz=0.300312
Cuerpo 193: px=-0.721766, py=0.523573, pz=0.196738
Cuerpo 194: px=-0.720691, py=0.461984, pz=0.052701
Cuerpo 195: px=-0.735078, py=0.472253, pz=-0.111840
Cuerpo 196: px=-0.737141, py=0.569972, pz=-0.264716
Cuerpo 197: px=-0.755046, py=0.680791, pz=-0.376129
Cuerpo 198: px=-0.817919, py=0.798818, pz=-0.479715
Cuerpo 199: px=-0.911878, py=0.932569, pz=-0.569477
Cuerpo 200: px=-1.042730, py=1.125560, pz=-0.634669
Cuerpo 201: px=-1.186973, py=1.332498, pz=-0.642484
Cuerpo 202: px=-1.305829, py=1.498333, pz=-0.592937
Cuerpo 203: px=-1.409255, py=1.640693, pz=-0.492764
Cuerpo 204: px=-1.495197, py=1.755382, pz=-0.330659
Cuerpo 205: px=-1.550073, py=1.823579, pz=-0.105455
Cuerpo 206: px=-1.987175, py=1.327092, pz=0.024162
Cuerpo 207: px=-1.954987, py=1.301103, pz=0.223396
Cuerpo 208: px=-1.874910, py=1.238453, pz=0.386799
Cuerpo 209: px=-1.746534, py=1.136339, pz=0.524402
Cuerpo 210: px=-1.602224, py=1.015491, pz=0.601960
Cuerpo 211: px=-1.459524, py=0.886752, pz=0.622895
Cuerpo 212: px=-1.312977, py=0.747846, pz=0.601064
Cuerpo 213: px=-1.185410, py=0.627413, pz=0.545281
Cuerpo 214: px=-1.030149, py=0.510665, pz=0.433053
Cuerpo 215: px=-0.905689, py=0.435833, pz=0.310395
Cuerpo 216: px=-0.840462, py=0.375292, pz=0.173989
Cuerpo 217: px=-0.819835, py=0.324002, pz=0.013970
Cuerpo 218: px=-0.827386, py=0.320487, pz=-0.068980
Cuerpo 219: px=-0.838922, py=0.391039, pz=-0.198284
Cuerpo 220: px=-0.906164, py=0.475340, pz=-0.346758
Cuerpo 221: px=-1.014562, py=0.581012, pz=-0.469791
Cuerpo 222: px=-1.155969, py=0.697373, pz=-0.564067
Cuerpo 223: px=-1.334003, py=0.832920, pz=-0.618012
Cuerpo 224: px=-1.525141, py=0.982465, pz=-0.615813
Cuerpo 225: px=-1.662221, py=1.089421, pz=-0.575402
Cuerpo 226: px=-1.794391, py=1.188037, pz=-0.478553
Cuerpo 227: px=-1.916956, py=1.277396, pz=-0.305598
Cuerpo 228: px=-1.979358, py=1.322257, pz=-0.103414
Cuerpo 229: px=-2.254395, py=0.752791, pz=0.001602
Cuerpo 230: px=-2.228575, py=0.745125, pz=0.181451
Cuerpo 231: px=-2.134372, py=0.712136, pz=0.355917
Cuerpo 232: px=-1.999104, py=0.662498, pz=0.494235
Cuerpo 233: px=-1.827650, py=0.596353, pz=0.575078
Cuerpo 234: px=-1.602999, py=0.505392, pz=0.613956
Cuerpo 235: px=-1.426023, py=0.423401, pz=0.587686
Cuerpo 236: px=-1.295169, py=0.348496, pz=0.534264
Cuerpo 237: px=-1.162024, py=0.273473, pz=0.451279
Cuerpo 238: px=-1.019138, py=0.222028, pz=0.323712
Cuerpo 239: px=-0.921051, py=0.174330, pz=0.165141
Cuerpo 240: px=-0.879429, py=0.160784, pz=0.004826
Cuerpo 241: px=-0.885063, py=0.164116, pz=-0.071692
Cuerpo 242: px=-0.938083, py=0.191609, pz=-0.190936
Cuerpo 243: px=-1.041342, py=0.230080, pz=-0.344508
Cuerpo 244: px=-1.153098, py=0.269310, pz=-0.445749
Cuerpo 245: px=-1.329509, py=0.350542, pz=-0.547028
Cuerpo 246: px=-1.530798, py=0.444980, pz=-0.602754
Cuerpo 247: px=-1.714705, py=0.528173, pz=-0.604485
Cuerpo 248: px=-1.910523, py=0.613382, pz=-0.541558
Cuerpo 249: px=-2.085554, py=0.686073, pz=-0.412619
Cuerpo 250: px=-2.188320, py=0.726852, pz=-0.274726
Cuerpo 251: px=-2.246135, py=0.749096, pz=-0.095857
Cuerpo 252: px=-2.366082, py=0.158282, pz=-0.020354
Cuerpo 253: px=-2.339729, py=0.154371, pz=0.179063
Cuerpo 254: px=-2.258344, py=0.142855, pz=0.330519
Cuerpo 255: px=-2.091565, py=0.121176, pz=0.490594
Cuerpo 256: px=-1.916469, py=0.098359, pz=0.575345
Cuerpo 257: px=-1.718090, py=0.074715, pz=0.601752
Cuerpo 258: px=-1.481439, py=0.050706, pz=0.578504
Cuerpo 259: px=-1.315838, py=0.029240, pz=0.515040
Cuerpo 260: px=-1.197673, py=0.000187, pz=0.443355
Cuerpo 261: px=-1.062001, py=-0.046148, pz=0.323089
Cuerpo 262: px=-0.953122, py=-0.080614, pz=0.165812
Cuerpo 263: px=-0.914370, py=-0.057336, pz=0.028835
Cuerpo 264: px=-0.917446, py=-0.015756, pz=-0.056148
Cuerpo 265: px=-0.975068, py=-0.012623, pz=-0.183790
Cuerpo 266: px=-1.109231, py=-0.009550, pz=-0.359490
Cuerpo 267: px=-1.247781, py=-0.011352, pz=-0.466334
Cuerpo 268: px=-1.373925, py=0.002763, pz=-0.531718
Cuerpo 269: px=-1.590262, py=0.037833, pz=-0.585251
Cuerpo 270: px=-1.815515, py=0.073625, pz=-0.587103
Cuerpo 271: px=-1.968335, py=0.099848, pz=-0.552933
Cuerpo 272: px=-2.143567, py=0.126777, pz=-0.447252
Cuerpo 273: px=-2.299585, py=0.148789, pz=-0.253013
Cuerpo 274: px=-2.364815, py=0.157900, pz=-0.063958
Cuerpo 275: px=-2.324754, py=-0.486137, pz=0.006903
Cuerpo 276: px=-2.290221, py=-0.480496, pz=0.189858
Cuerpo 277: px=-2.179216, py=-0.462185, pz=0.382083
Cuerpo 278: px=-2.045772, py=-0.441090, pz=0.497789
Cuerpo 279: px=-1.864550, py=-0.413328, pz=0.572176
Cuerpo 280: px=-1.663283, py=-0.382704, pz=0.603477
Cuerpo 281: px=-1.488870, py=-0.352096, pz=0.579421
Cuerpo 282: px=-1.302591, py=-0.315459, pz=0.516784
Cuerpo 283: px=-1.134386, py=-0.298429, pz=0.414606
Cuerpo 284: px=-0.997903, py=-0.301786, pz=0.285953
Cuerpo 285: px=-0.926997, py=-0.291728, pz=0.181818
Cuerpo 286: px=-0.894676, py=-0.264268, pz=0.092056
Cuerpo 287: px=-0.903449, py=-0.221791, pz=-0.036448
Cuerpo 288: px=-0.973042, py=-0.241278, pz=-0.207626
Cuerpo 289: px=-1.099862, py=-0.269740, pz=-0.365732
Cuerpo 290: px=-1.230023, py=-0.288084, pz=-0.464605
Cuerpo 291: px=-1.355195, py=-0.313960, pz=-0.530537
Cuerpo 292: px=-1.542831, py=-0.347201, pz=-0.581834
Cuerpo 293: px=-1.733761, py=-0.375619, pz=-0.594177
Cuerpo 294: px=-1.926539, py=-0.410190, pz=-0.547793
Cuerpo 295: px=-2.111337, py=-0.447081, pz=-0.440549
Cuerpo 296: px=-2.238134, py=-0.471206, pz=-0.291610
Cuerpo 297: px=-2.315547, py=-0.484699, pz=-0.083376
Cuerpo 298: px=-2.098615, py=-1.097057, pz=-0.018835
Cuerpo 299: px=-2.072884, py=-1.083699, pz=0.192222
Cuerpo 300: px=-2.000902, py=-1.044455, pz=0.334235
Cuerpo 301: px=-1.850994, py=-0.962433, pz=0.491067
Cuerpo 302: px=-1.680617, py=-0.869150, pz=0.577466
Cuerpo 303: px=-1.528260, py=-0.786896, pz=0.594186
Cuerpo 304: px=-1.366430, py=-0.706844, pz=0.573849
Cuerpo 305: px=-1.187030, py=-0.624468, pz=0.505917
Cuerpo 306: px=-1.031100, py=-0.549682, pz=0.401787
Cuerpo 307: px=-0.933166, py=-0.499561, pz=0.303712
Cuerpo 308: px=-0.865874, py=-0.453357, pz=0.195069
Cuerpo 309: px=-0.831712, py=-0.430642, pz=0.104207
Cuerpo 310: px=-0.829986, py=-0.434621, pz=-0.021813
Cuerpo 311: px=-0.892957, py=-0.467471, pz=-0.210983
Cuerpo 312: px=-0.996892, py=-0.508712, pz=-0.351860
Cuerpo 313: px=-1.134369, py=-0.556956, pz=-0.459264
Cuerpo 314: px=-1.276935, py=-0.635183, pz=-0.538827
Cuerpo 315: px=-1.400100, py=-0.714022, pz=-0.582787
Cuerpo 316: px=-1.575946, py=-0.815834, pz=-0.589217
Cuerpo 317: px=-1.788146, py=-0.932148, pz=-0.520183
Cuerpo 318: px=-1.928157, py=-1.006919, pz=-0.423268
Cuerpo 319: px=-2.032114, py=-1.061529, pz=-0.273028
Cuerpo 320: px=-2.095114, py=-1.094812, pz=-0.092927
Cuerpo 321: px=-1.746215, py=-1.610911, pz=0.018963
Cuerpo 322: px=-1.721790, py=-1.586010, pz=0.187008
Cuerpo 323: px=-1.662541, py=-1.527747, pz=0.342320
Cuerpo 324: px=-1.571074, py=-1.436612, pz=0.461823
Cuerpo 325: px=-1.442219, py=-1.306918, pz=0.556141
Cuerpo 326: px=-1.287665, py=-1.151042, pz=0.594228
Cuerpo 327: px=-1.126565, py=-0.989475, pz=0.570853
Cuerpo 328: px=-1.006672, py=-0.875171, pz=0.510552
Cuerpo 329: px=-0.884532, py=-0.767496, pz=0.412090
Cuerpo 330: px=-0.782248, py=-0.684075, pz=0.298207
Cuerpo 331: px=-0.734258, py=-0.636320, pz=0.207185
Cuerpo 332: px=-0.700468, py=-0.608706, pz=0.097184
Cuerpo 333: px=-0.690194, py=-0.625308, pz=-0.039289
Cuerpo 334: px=-0.749099, py=-0.665672, pz=-0.210262
Cuerpo 335: px=-0.829066, py=-0.715322, pz=-0.333339
Cuerpo 336: px=-0.931693, py=-0.797135, pz=-0.437587
Cuerpo 337: px=-1.091255, py=-0.946987, pz=-0.543186
Cuerpo 338: px=-1.221603, py=-1.087220, pz=-0.586425
Cuerpo 339: px=-1.350191, py=-1.225667, pz=-0.579374
Cuerpo 340: px=-1.483648, py=-1.358310, pz=-0.528096
Cuerpo 341: px=-1.594228, py=-1.465609, pz=-0.431330
Cuerpo 342: px=-1.687476, py=-1.556244, pz=-0.277882
Cuerpo 343: px=-1.741334, py=-1.607119, pz=-0.052045
Cuerpo 344: px=-1.258774, py=-2.016489, pz=-0.043738
Cuerpo 345: px=-1.243230, py=-1.988508, pz=0.195864
Cuerpo 346: px=-1.207081, py=-1.923450, pz=0.334422
Cuerpo 347: px=-1.138283, py=-1.802801, pz=0.463257
Cuerpo 348: px=-1.033300, py=-1.622197, pz=0.569075
Cuerpo 349: px=-0.944939, py=-1.468149, pz=0.597085
Cuerpo 350: px=-0.841872, py=-1.289552, pz=0.577704
Cuerpo 351: px=-0.719750, py=-1.089519, pz=0.501551
Cuerpo 352: px=-0.622345, py=-0.943352, pz=0.388698
Cuerpo 353: px=-0.564936, py=-0.867124, pz=0.302706
Cuerpo 354: px=-0.531207, py=-0.811056, pz=0.208468
Cuerpo 355: px=-0.502518, py=-0.776294, pz=0.077289
Cuerpo 356: px=-0.499320, py=-0.780609, pz=-0.035855
Cuerpo 357: px=-0.532628, py=-0.820476, pz=-0.180777
Cuerpo 358: px=-0.589766, py=-0.902238, pz=-0.324410
Cuerpo 359: px=-0.661018, py=-1.028361, pz=-0.444275
Cuerpo 360: px=-0.765896, py=-1.191136, pz=-0.540383
Cuerpo 361: px=-0.890557, py=-1.383260, pz=-0.588596
Cuerpo 362: px=-0.985376, py=-1.540329, pz=-0.588127
Cuerpo 363: px=-1.073468, py=-1.692222, pz=-0.535781
Cuerpo 364: px=-1.173566, py=-1.866766, pz=-0.396837
Cuerpo 365: px=-1.231036, py=-1.968053, pz=-0.246159
Cuerpo 366: px=-1.254329, py=-2.008973, pz=-0.120059
Cuerpo 367: px=-0.661728, py=-2.290856, pz=0.028759
Cuerpo 368: px=-0.655474, py=-2.264772, pz=0.180403
Cuerpo 369: px=-0.639214, py=-2.193563, pz=0.316296
Cuerpo 370: px=-0.604414, py=-2.046998, pz=0.467019
Cuerpo 371: px=-0.562504, py=-1.865823, pz=0.562862
Cuerpo 372: px=-0.514811, py=-1.660878, pz=0.597111
Cuerpo 373: px=-0.450065, py=-1.415792, pz=0.570321
Cuerpo 374: px=-0.396169, py=-1.232079, pz=0.498654
Cuerpo 375: px=-0.352369, py=-1.077114, pz=0.389866
Cuerpo 376: px=-0.328350, py=-0.969369, pz=0.286676
Cuerpo 377: px=-0.314318, py=-0.919728, pz=0.206601
Cuerpo 378: px=-0.315607, py=-0.875447, pz=0.078972
Cuerpo 379: px=-0.305361, py=-0.880004, pz=-0.045551
Cuerpo 380: px=-0.288691, py=-0.942102, pz=-0.190402
Cuerpo 381: px=-0.302400, py=-1.044620, pz=-0.328299
Cuerpo 382: px=-0.335978, py=-1.173482, pz=-0.438775
Cuerpo 383: px=-0.385242, py=-1.334237, pz=-0.529846
Cuerpo 384: px=-0.450568, py=-1.536974, pz=-0.585301
Cuerpo 385: px=-0.514178, py=-1.742785, pz=-0.587945
Cuerpo 386: px=-0.568271, py=-1.938707, pz=-0.527796
Cuerpo 387: px=-0.613629, py=-2.108782, pz=-0.413604
Cuerpo 388: px=-0.642804, py=-2.216691, pz=-0.276980
Cuerpo 389: px=-0.660035, py=-2.282928, pz=-0.078954
Cuerpo 390: px=-0.028060, py=-2.382498, pz=0.004304
Cuerpo 391: px=-0.026394, py=-2.360001, pz=0.161009
Cuerpo 392: px=-0.025154, py=-2.280537, pz=0.319258
Cuerpo 393: px=-0.026279, py=-2.139039, pz=0.464335
Cuerpo 394: px=-0.031197, py=-1.964884, pz=0.555092
Cuerpo 395: px=-0.040757, py=-1.746201, pz=0.595922
Cuerpo 396: px=-0.056348, py=-1.494198, pz=0.572932
Cuerpo 397: px=-0.078785, py=-1.272180, pz=0.488292
Cuerpo 398: px=-0.093575, py=-1.121648, pz=0.385741
Cuerpo 399: px=-0.122709, py=-1.031434, pz=0.298187
Cuerpo 400: px=-0.152771, py=-0.968565, pz=0.211131
Cuerpo 401: px=-0.156709, py=-0.923654, pz=0.078801
Cuerpo 402: px=-0.133107, py=-0.932497, pz=-0.078583
Cuerpo 403: px=-0.108115, py=-0.995290, pz=-0.212600
Cuerpo 404: px=-0.095177, py=-1.091191, pz=-0.327568
Cuerpo 405: px=-0.082596, py=-1.223355, pz=-0.435145
Cuerpo 406: px=-0.074337, py=-1.394580, pz=-0.524764
Cuerpo 407: px=-0.060915, py=-1.584292, pz=-0.579869
Cuerpo 408: px=-0.046157, py=-1.792491, pz=-0.586876
Cuerpo 409: px=-0.034889, py=-2.027929, pz=-0.518012
Cuerpo 410: px=-0.030748, py=-2.196330, pz=-0.410460
Cuerpo 411: px=-0.029825, py=-2.303699, pz=-0.273431
Cuerpo 412: px=-0.028712, py=-2.378398, pz=-0.047017
Cuerpo 413: px=0.587047, py=-2.311448, pz=0.021751
Cuerpo 414: px=0.579325, py=-2.275303, pz=0.220314
Cuerpo 415: px=0.561162, py=-2.203415, pz=0.343666
Cuerpo 416: px=0.523059, py=-2.068914, pz=0.474665
Cuerpo 417: px=0.473414, py=-1.908635, pz=0.561841
Cuerpo 418: px=0.403758, py=-1.701425, pz=0.599736
Cuerpo 419: px=0.322904, py=-1.487611, pz=0.585000
Cuerpo 420: px=0.236223, py=-1.287874, pz=0.508989
Cuerpo 421: px=0.142452, py=-1.126383, pz=0.403926
Cuerpo 422: px=0.071482, py=-1.053320, pz=0.329417
Cuerpo 423: px=0.024064, py=-0.972194, pz=0.213107
Cuerpo 424: px=0.026681, py=-0.915001, pz=0.053347
Cuerpo 425: px=0.034008, py=-0.925440, pz=-0.086512
Cuerpo 426: px=0.049529, py=-0.983900, pz=-0.211762
Cuerpo 427: px=0.094768, py=-1.084249, pz=-0.339302
Cuerpo 428: px=0.148803, py=-1.198705, pz=-0.440621
Cuerpo 429: px=0.226430, py=-1.360413, pz=-0.531946
Cuerpo 430: px=0.326629, py=-1.588941, pz=-0.591975
Cuerpo 431: px=0.412269, py=-1.808840, pz=-0.582544
Cuerpo 432: px=0.473477, py=-1.982188, pz=-0.526170
Cuerpo 433: px=0.516050, py=-2.108172, pz=-0.447110
Cuerpo 434: px=0.557346, py=-2.230962, pz=-0.292896
Cuerpo 435: px=0.583675, py=-2.305892, pz=-0.089750
Cuerpo 436: px=1.184294, py=-2.087824, pz=-0.039119
Cuerpo 437: px=1.156284, py=-2.057819, pz=0.208995
Cuerpo 438: px=1.095608, py=-1.977143, pz=0.387601
Cuerpo 439: px=1.027151, py=-1.880739, pz=0.489760
Cuerpo 440: px=0.922939, py=-1.730179, pz=0.579733
Cuerpo 441: px=0.806273, py=-1.571088, pz=0.619843
Cuerpo 442: px=0.659692, py=-1.387438, pz=0.601138
Cuerpo 443: px=0.505811, py=-1.206144, pz=0.529150
Cuerpo 444: px=0.394587, py=-1.098522, pz=0.447813
Cuerpo 445: px=0.298445, py=-0.992964, pz=0.336746
Cuerpo 446: px=0.244251, py=-0.892021, pz=0.177225
Cuerpo 447: px=0.243049, py=-0.838257, pz=0.039564
Cuerpo 448: px=0.251059, py=-0.842991, pz=-0.071439
Cuerpo 449: px=0.279711, py=-0.898383, pz=-0.207910
Cuerpo 450: px=0.337098, py=-0.990974, pz=-0.338533
Cuerpo 451: px=0.443887, py=-1.110227, pz=-0.460594
Cuerpo 452: px=0.595277, py=-1.284918, pz=-0.565466
Cuerpo 453: px=0.722800, py=-1.453592, pz=-0.612748
Cuerpo 454: px=0.836241, py=-1.610070, pz=-0.610256
Cuerpo 455: px=0.956684, py=-1.776101, pz=-0.555751
Cuerpo 456: px=1.064509, py=-1.920539, pz=-0.439563
Cuerpo 457: px=1.149783, py=-2.035518, pz=-0.252747
Cuerpo 458: px=1.184776, py=-2.085981, pz=-0.070519
Cuerpo 459: px=1.711766, py=-1.711789, pz=-0.042197
Cuerpo 460: px=1.688669, py=-1.700355, pz=0.156806
Cuerpo 461: px=1.605385, py=-1.638333, pz=0.369436
Cuerpo 462: px=1.469818, py=-1.531704, pz=0.533277
Cuerpo 463: px=1.331579, py=-1.424626, pz=0.617684
Cuerpo 464: px=1.191171, py=-1.318742, pz=0.647192
Cuerpo 465: px=1.000505, py=-1.178856, pz=0.637330
Cuerpo 466: px=0.792923, py=-1.048246, pz=0.567221
Cuerpo 467: px=0.610703, py=-0.933957, pz=0.447922
Cuerpo 468: px=0.498681, py=-0.833727, pz=0.316450
Cuerpo 469: px=0.421976, py=-0.769634, pz=0.162462
Cuerpo 470: px=0.380856, py=-0.754583, pz=0.018725
Cuerpo 471: px=0.397178, py=-0.754724, pz=-0.073865
Cuerpo 472: px=0.436941, py=-0.789086, pz=-0.189446
Cuerpo 473: px=0.548897, py=-0.850000, pz=-0.345481
Cuerpo 474: px=0.708798, py=-0.956480, pz=-0.491302
Cuerpo 475: px=0.854227, py=-1.070977, pz=-0.579327
Cuerpo 476: px=1.035904, py=-1.209068, pz=-0.629979
Cuerpo 477: px=1.240630, py=-1.354181, pz=-0.626156
Cuerpo 478: px=1.422708, py=-1.481404, pz=-0.553940
Cuerpo 479: px=1.575477, py=-1.594665, pz=-0.419224
Cuerpo 480: px=1.660011, py=-1.661626, pz=-0.280268
Cuerpo 481: px=1.706793, py=-1.704655, pz=-0.086436
Cuerpo 482: px=2.113149, py=-1.215932, pz=-0.068980
Cuerpo 483: px=2.093903, py=-1.194590, pz=0.184177
Cuerpo 484: px=1.992634, py=-1.140757, pz=0.406451
Cuerpo 485: px=1.865435, py=-1.085017, pz=0.541176
Cuerpo 486: px=1.693765, py=-1.018738, pz=0.630076
Cuerpo 487: px=1.461989, py=-0.930676, pz=0.682874
Cuerpo 488: px=1.273328, py=-0.864663, pz=0.672716
Cuerpo 489: px=1.055922, py=-0.798688, pz=0.609319
Cuerpo 490: px=0.797487, py=-0.725832, pz=0.467743
Cuerpo 491: px=0.621055, py=-0.687976, pz=0.316922
Cuerpo 492: px=0.524993, py=-0.673685, pz=0.191978
Cuerpo 493: px=0.458854, py=-0.683881, pz=0.039220
Cuerpo 494: px=0.460214, py=-0.690771, pz=-0.076211
Cuerpo 495: px=0.542018, py=-0.694675, pz=-0.221530
Cuerpo 496: px=0.695785, py=-0.716008, pz=-0.390657
Cuerpo 497: px=0.841473, py=-0.755408, pz=-0.500558
Cuerpo 498: px=1.049005, py=-0.822676, pz=-0.603944
Cuerpo 499: px=1.316150, py=-0.915420, pz=-0.663433
Cuerpo 500: px=1.582385, py=-1.016985, pz=-0.640568
Cuerpo 501: px=1.789132, py=-1.098828, pz=-0.558730
Cuerpo 502: px=1.927926, py=-1.154021, pz=-0.448478
Cuerpo 503: px=2.036821, py=-1.196218, pz=-0.298858
Cuerpo 504: px=2.101627, py=-1.216340, pz=-0.124558
Cuerpo 505: px=2.389513, py=-0.616169, pz=0.073024
Cuerpo 506: px=2.340503, py=-0.605081, pz=0.274702
Cuerpo 507: px=2.245472, py=-0.591138, pz=0.424831
Cuerpo 508: px=2.100685, py=-0.573703, pz=0.559923
Cuerpo 509: px=1.927631, py=-0.555287, pz=0.652801
Cuerpo 510: px=1.678012, py=-0.529855, pz=0.710685
Cuerpo 511: px=1.434494, py=-0.508887, pz=0.710898
