Tiempo en segundos: 3.064313
Posiciones finales de los cuerpos:
Cuerpo 0: (-0.243808, 0.696666, -0.000037)
Cuerpo 1: (0.149673, 1.537688, 0.000094)
Cuerpo 2: (0.041500, 3.569549, 1.013508)
Cuerpo 3: (-0.158141, 2.600583, 1.022062)
Cuerpo 4: (-0.215241, 0.885615, 0.057703)
Cuerpo 5: (-0.729525, -0.251242, -0.084680)
Cuerpo 6: (1.216669, 0.984089, -0.209327)
Cuerpo 7: (-3.737246, 20.451927, 18.864666)
Cuerpo 8: (-3.587180, 1.400992, -0.795470)
Cuerpo 9: (0.186539, 0.447701, 0.023640)
Cuerpo 10: (-179.000180, 117.964280, 83.505255)
Cuerpo 11: (32.353021, -1.327638, 2.087397)
Cuerpo 12: (5.146128, -1.888465, -0.939758)
Cuerpo 13: (1.215440, 2.377291, -0.793777)
Cuerpo 14: (-0.473987, -0.526528, 0.215396)
Cuerpo 15: (-0.921407, -1.686488, 0.200193)
Cuerpo 16: (0.821970, 1.134585, 0.072352)
Cuerpo 17: (-1.075784, -1.124782, 0.679994)
Cuerpo 18: (-0.143741, 2.982939, -1.128446)
Cuerpo 19: (0.052564, 3.752080, -0.933465)
Cuerpo 20: (0.040152, 3.219500, -0.698306)
Cuerpo 21: (-0.080963, 4.330950, -0.715336)
Cuerpo 22: (-0.487206, 3.968354, -0.011320)
Cuerpo 23: (-0.794499, 3.697174, 1.314605)
Cuerpo 24: (-1.020569, 3.929696, 1.212377)
Cuerpo 25: (-0.685189, 3.161835, 0.864967)
Cuerpo 26: (-0.558426, 2.167801, 0.630104)
Cuerpo 27: (-0.544372, -1.217214, -0.618175)
Cuerpo 28: (-4.362809, 8.762456, 0.517576)
Cuerpo 29: (-0.085903, 0.144496, -0.038164)
Cuerpo 30: (-0.226264, 0.727011, 0.008580)
Cuerpo 31: (-11.358634, 2.160388, -1.657516)
Cuerpo 32: (-4.645609, 0.348514, -0.904522)
Cuerpo 33: (-26.576549, 44.265760, 10.004323)
Cuerpo 34: (0.297016, 4.519726, 0.157639)
Cuerpo 35: (-17.024885, -0.133882, 3.686322)
Cuerpo 36: (17.378775, -2.871189, 3.377331)
Cuerpo 37: (-0.179326, -0.618870, 0.191829)
Cuerpo 38: (-5.041136, -12.537905, 0.841622)
Cuerpo 39: (-0.674131, -1.079433, 0.447815)
Cuerpo 40: (-0.708523, 2.246092, -0.781985)
Cuerpo 41: (-0.604988, 2.635366, -0.751755)
Cuerpo 42: (-0.984743, 4.119671, -0.887233)
Cuerpo 43: (-0.737450, 2.906161, -0.997183)
Cuerpo 44: (-0.516342, 3.982811, -0.396712)
Cuerpo 45: (-1.603705, 3.757174, -0.014414)
Cuerpo 46: (-1.611259, 3.710935, 0.625635)
Cuerpo 47: (-1.900247, 3.024436, 1.390942)
Cuerpo 48: (-1.002420, 2.019532, 0.469866)
Cuerpo 49: (-2.417108, 3.860947, 0.995303)
Cuerpo 50: (-0.485060, -1.554557, -0.760330)
Cuerpo 51: (-0.473971, -1.606714, -0.459490)
Cuerpo 52: (0.289890, -1.540873, 1.765411)
Cuerpo 53: (-0.247268, -1.740966, -0.829151)
Cuerpo 54: (25.024997, -6.062740, -9.613420)
Cuerpo 55: (-35.107115, -4.091283, -4.381389)
Cuerpo 56: (16.004227, -108.770837, -12.969626)
Cuerpo 57: (8.101469, 1.295663, -0.999174)
Cuerpo 58: (-5.140300, 1.198153, 0.181759)
Cuerpo 59: (-0.051103, 0.286940, 0.075775)
Cuerpo 60: (-0.000140, 0.314034, 0.277197)
Cuerpo 61: (-1.305520, 1.157309, -0.638723)
Cuerpo 62: (-0.383428, -1.617031, 0.620309)
Cuerpo 63: (-1.346269, 2.269971, -0.682024)
Cuerpo 64: (-0.454707, 1.288979, -0.189875)
Cuerpo 65: (-1.747889, 3.070475, -0.869584)
Cuerpo 66: (-2.036509, 3.228308, -1.371709)
Cuerpo 67: (-1.601635, 3.787826, -0.397508)
Cuerpo 68: (-2.931405, 3.278959, -0.045960)
Cuerpo 69: (-2.676788, 2.911168, 0.412436)
Cuerpo 70: (-3.103846, 2.758493, 1.167934)
Cuerpo 71: (-4.174197, 2.376077, 1.557493)
Cuerpo 72: (-2.354010, 1.776962, 0.523445)
Cuerpo 73: (-4.488536, 2.646797, 1.047082)
Cuerpo 74: (-0.617377, 0.880641, -0.225813)
Cuerpo 75: (9.879535, 5.822893, 2.949345)
Cuerpo 76: (0.024620, 0.093991, -0.177233)
Cuerpo 77: (-3.664796, 2.186954, 0.628757)
Cuerpo 78: (-2.111168, -0.910822, 0.446684)
Cuerpo 79: (6.587891, -10.839555, 3.467692)
Cuerpo 80: (-42.954067, -14.374674, 3.499259)
Cuerpo 81: (-5.471224, -0.921466, -0.260540)
Cuerpo 82: (-2.340098, 0.772494, -0.111931)
Cuerpo 83: (-0.812281, 1.281129, -0.294227)
Cuerpo 84: (-2.347251, 2.541329, 1.673320)
Cuerpo 85: (-6.019500, 4.582911, -0.049045)
Cuerpo 86: (-0.534046, 1.028725, -0.053828)
Cuerpo 87: (0.481550, -1.742445, 1.483882)
Cuerpo 88: (4.223899, -4.360380, 3.668971)
Cuerpo 89: (-2.878454, 3.074062, -0.732263)
Cuerpo 90: (-2.333536, 2.856544, -0.198559)
Cuerpo 91: (4.785409, 4.169170, 0.020366)
Cuerpo 92: (-0.827600, 0.917366, 0.200864)
Cuerpo 93: (-8.615855, -6.038957, 3.441242)
Cuerpo 94: (6.256011, 3.230639, 0.315970)
Cuerpo 95: (0.050536, 0.632143, -0.160509)
Cuerpo 96: (1.215013, -0.310311, 0.067067)
Cuerpo 97: (20.950886, 3.902286, 1.082663)
Cuerpo 98: (-2.074436, 0.184243, 0.862036)
Cuerpo 99: (0.935360, 0.161629, -0.316347)
Cuerpo 100: (-8.376903, 5.375622, 3.868661)
Cuerpo 101: (2.495986, 0.920456, -2.201180)
Cuerpo 102: (-6.903194, -7.385518, -0.737286)
Cuerpo 103: (4.316579, -7.553350, -1.008898)
Cuerpo 104: (-5.618069, -4.860929, 2.421934)
Cuerpo 105: (6.295311, 3.216979, -2.699692)
Cuerpo 106: (-1.166316, 0.271268, -0.947264)
Cuerpo 107: (1.006768, 0.883118, 1.441301)
Cuerpo 108: (0.057075, 0.779121, -0.048227)
Cuerpo 109: (15.345523, 3.878063, 1.734727)
Cuerpo 110: (-3.696775, 1.572586, -0.650655)
Cuerpo 111: (-4.536436, 1.506751, -1.272137)
Cuerpo 112: (-0.788210, 0.964500, -0.166469)
Cuerpo 113: (0.468945, 0.336336, 0.102313)
Cuerpo 114: (4.759603, 7.477250, -0.092407)
Cuerpo 115: (2.703189, 2.636069, 0.024979)
Cuerpo 116: (0.657395, 4.433902, 0.526548)
Cuerpo 117: (-5.736128, -1.786250, 1.718550)
Cuerpo 118: (7.174001, 13.897076, 4.260762)
Cuerpo 119: (9.654658, 8.854951, 2.957567)
Cuerpo 120: (8.117720, 7.683024, 5.006317)
Cuerpo 121: (2.013222, 4.918044, -1.477560)
Cuerpo 122: (4.840590, 3.543299, -3.325991)
Cuerpo 123: (-0.974998, -0.777677, -0.603267)
Cuerpo 124: (-45.293884, -46.302471, -5.464813)
Cuerpo 125: (-23.538712, -0.597158, 1.516510)
Cuerpo 126: (4.930186, 13.248771, -1.698816)
Cuerpo 127: (0.307801, 0.540374, 0.206607)
Cuerpo 128: (-5.958391, -8.805213, 3.336773)
Cuerpo 129: (-4.372899, 0.741165, -9.360927)
Cuerpo 130: (-0.114640, 0.280709, 0.095701)
Cuerpo 131: (-1.470597, 1.048060, -0.862866)
Cuerpo 132: (1.270824, 1.638330, 0.520642)
Cuerpo 133: (-3.449316, -2.679596, -2.328811)
Cuerpo 134: (1.770578, 4.928987, -0.604902)
Cuerpo 135: (-1.479304, -7.989292, -1.019175)
Cuerpo 136: (-2.821211, -0.531822, -2.435498)
Cuerpo 137: (0.394660, 0.220884, 0.019378)
Cuerpo 138: (0.591319, -1.007277, -0.454075)
Cuerpo 139: (1.357222, -1.031322, 0.520073)
Cuerpo 140: (-0.124752, 2.033698, -0.252844)
Cuerpo 141: (-0.637215, 2.842659, 0.743475)
Cuerpo 142: (-1.516796, 0.398709, 0.507206)
Cuerpo 143: (15.373047, 13.692285, 21.027860)
Cuerpo 144: (-0.221452, 0.185987, 0.128856)
Cuerpo 145: (0.989018, 0.875027, 0.072760)
Cuerpo 146: (1.000318, 18.221403, -13.077015)
Cuerpo 147: (11.996562, -0.653422, 9.135170)
Cuerpo 148: (-7.397656, -27.388570, 1.324630)
Cuerpo 149: (-4.022153, -90.393613, 3.916740)
Cuerpo 150: (0.440321, 4.432347, 0.425112)
Cuerpo 151: (1.887113, -2.704400, -0.206757)
Cuerpo 152: (26.297682, 39.805003, -3.490820)
Cuerpo 153: (0.037615, 0.542827, 0.061893)
Cuerpo 154: (-1.157756, 12.424020, -7.754164)
Cuerpo 155: (-6.421956, -2.141830, 3.713883)
Cuerpo 156: (2.313722, 12.871797, -7.677108)
Cuerpo 157: (-0.228232, 0.816261, -0.048336)
Cuerpo 158: (0.662397, -1.587892, -1.610395)
Cuerpo 159: (-2.091496, 5.681643, 0.035452)
Cuerpo 160: (48.796398, -40.619459, -0.085604)
Cuerpo 161: (-5.393434, -27.663707, 28.081403)
Cuerpo 162: (16.265770, -16.069489, -23.280592)
Cuerpo 163: (0.308602, 2.162785, -0.660640)
Cuerpo 164: (-3.009203, 16.694769, 2.257107)
Cuerpo 165: (-1.033789, 3.022469, 1.312257)
Cuerpo 166: (-0.587802, 1.464636, 0.026138)
Cuerpo 167: (-1.550571, -0.253013, 0.711794)
Cuerpo 168: (-1.295758, 10.857314, -0.325679)
Cuerpo 169: (0.275998, -1.609322, -0.066199)
Cuerpo 170: (-3.765107, 9.319033, -1.419968)
Cuerpo 171: (7.736900, -4.988793, 0.178198)
Cuerpo 172: (0.052885, 0.735840, 0.000341)
Cuerpo 173: (1.522004, 1.407230, -0.386232)
Cuerpo 174: (-1.187927, 3.818172, 3.917103)
Cuerpo 175: (-1.313014, 3.994499, -1.311679)
Cuerpo 176: (4.263141, -2.548232, -0.032098)
Cuerpo 177: (-6.633981, 2.150442, -14.710407)
Cuerpo 178: (0.383469, -7.162746, 7.542432)
Cuerpo 179: (-0.810295, 0.985003, -1.075420)
Cuerpo 180: (0.271521, -0.438169, 0.467208)
Cuerpo 181: (-1.490101, 1.345767, 0.671217)
Cuerpo 182: (-1.736046, -2.698238, -0.265149)
Cuerpo 183: (0.554778, 1.762082, -0.007030)
Cuerpo 184: (-3.774001, 6.370568, 0.070936)
Cuerpo 185: (-6.476119, 7.904852, 4.865616)
Cuerpo 186: (-4.467241, 2.781099, 0.413933)
Cuerpo 187: (0.101443, -0.451550, 0.155613)
Cuerpo 188: (-0.856787, 1.770454, 0.292023)
Cuerpo 189: (3.065607, -4.407432, -4.995995)
Cuerpo 190: (0.018879, -20.017501, -17.006866)
Cuerpo 191: (-9.152044, 10.943117, 5.225751)
Cuerpo 192: (10.617036, -15.456307, 2.591650)
Cuerpo 193: (-7.728323, 14.878585, -9.024587)
Cuerpo 194: (-0.037239, 1.294683, 0.143127)
Cuerpo 195: (1.374743, -0.622034, -0.123968)
Cuerpo 196: (-1.415259, 0.584429, -0.028965)
Cuerpo 197: (-5.099317, 6.568149, 0.081756)
Cuerpo 198: (2.192083, -3.257802, -0.690672)
Cuerpo 199: (2.870781, -19.073785, 20.485159)
Cuerpo 200: (-1.513149, 1.568099, -1.404667)
Cuerpo 201: (-1.532587, 0.964601, 1.263934)
Cuerpo 202: (3.461051, -2.410230, 2.691659)
Cuerpo 203: (-5.224907, 4.674176, -1.244084)
Cuerpo 204: (-3.827978, 5.097757, -0.195065)
Cuerpo 205: (-1.850278, 1.078600, -0.131673)
Cuerpo 206: (-1.537140, -2.283618, 0.181348)
Cuerpo 207: (0.763968, 21.548162, 2.832127)
Cuerpo 208: (-0.642293, 0.680021, -0.197838)
Cuerpo 209: (0.910905, 1.683406, 0.091603)
Cuerpo 210: (-0.124237, 0.912325, 0.190549)
Cuerpo 211: (-0.385321, 0.772288, -0.233365)
Cuerpo 212: (-0.650899, 0.613420, 0.427788)
Cuerpo 213: (-101.357875, 179.457704, -84.513410)
Cuerpo 214: (-0.346801, 2.050282, -0.599449)
Cuerpo 215: (10.962069, -18.117851, 4.471316)
Cuerpo 216: (2.670100, -0.690117, 9.046254)
Cuerpo 217: (-0.462830, 4.769419, -2.621498)
Cuerpo 218: (-4.171404, -2.341928, 1.198776)
Cuerpo 219: (1.083570, -1.693066, -4.243087)
Cuerpo 220: (0.830532, 1.150742, 0.568078)
Cuerpo 221: (3.571645, -54.227541, 26.031502)
Cuerpo 222: (2.906863, -0.939690, -1.993993)
Cuerpo 223: (2.638124, 3.097603, 1.482281)
Cuerpo 224: (-2.464198, 0.739496, -0.467458)
Cuerpo 225: (0.342355, 0.408262, -0.115591)
Cuerpo 226: (-5.422531, -0.405558, -1.421183)
Cuerpo 227: (-1.083789, 2.140684, -0.841734)
Cuerpo 228: (3.560454, 3.167840, -0.149293)
Cuerpo 229: (-1.780112, 18.537065, -0.628433)
Cuerpo 230: (0.852003, 2.804411, 0.059328)
Cuerpo 231: (6.884119, 7.274815, 0.831921)
Cuerpo 232: (-17.058124, -7.018345, 2.781014)
Cuerpo 233: (2.447762, 1.909767, 0.058640)
Cuerpo 234: (1.858106, 0.391600, 0.329051)
Cuerpo 235: (-5.527533, -0.603958, 1.652572)
Cuerpo 236: (3.727919, 1.966558, -0.469668)
Cuerpo 237: (-29.924175, 46.600784, 10.322381)
Cuerpo 238: (-0.319471, 0.720262, 0.022666)
Cuerpo 239: (-0.484565, 0.066025, 0.024822)
Cuerpo 240: (0.795818, 1.368139, -0.476849)
Cuerpo 241: (0.370484, 0.431168, -0.425866)
Cuerpo 242: (3.042777, -0.869204, 2.032830)
Cuerpo 243: (-4.786980, 3.381199, 0.316763)
Cuerpo 244: (-5.279109, -2.775794, -0.565895)
Cuerpo 245: (-4.633725, 9.497136, -2.482990)
Cuerpo 246: (-0.227690, 0.562708, 0.092896)
Cuerpo 247: (-0.332831, -1.226479, 0.713966)
Cuerpo 248: (-0.987513, -0.859931, 1.413425)
Cuerpo 249: (-3.454507, 0.514639, 0.380941)
Cuerpo 250: (1.454283, 3.821940, -0.091527)
Cuerpo 251: (1.427652, 3.740762, -0.095076)
Cuerpo 252: (0.145037, 4.055104, -0.058507)
Cuerpo 253: (-0.011473, 3.528890, 0.139562)
Cuerpo 254: (1.999775, 5.740905, 0.521304)
Cuerpo 255: (2.664884, 7.511988, 0.725349)
Cuerpo 256: (1.189535, 0.788841, 0.426812)
Cuerpo 257: (-1.214234, -0.065485, 0.269630)
Cuerpo 258: (-0.540816, 1.874013, 0.977930)
Cuerpo 259: (0.123495, 0.800072, -0.977651)
Cuerpo 260: (-21.201989, 28.437756, -24.553657)
Cuerpo 261: (-0.908410, 0.695370, -0.605301)
Cuerpo 262: (0.102012, 0.650260, 0.066780)
Cuerpo 263: (0.179810, 0.209977, 0.199207)
Cuerpo 264: (0.438036, 0.553175, -0.172465)
Cuerpo 265: (-0.479236, 1.454160, -0.007319)
Cuerpo 266: (-6.231828, -0.285106, -1.142210)
Cuerpo 267: (43.586854, 14.375147, 38.709649)
Cuerpo 268: (-4.900609, -2.820978, -1.739683)
Cuerpo 269: (-0.586101, -0.643708, 1.830688)
Cuerpo 270: (2.356774, 3.437189, -0.983221)
Cuerpo 271: (0.039881, 0.752508, -0.205485)
Cuerpo 272: (2.055406, 2.701633, -0.278902)
Cuerpo 273: (0.189839, 3.511321, -0.278157)
Cuerpo 274: (0.070342, 3.960985, -0.177245)
Cuerpo 275: (-0.937530, 3.349791, -0.034559)
Cuerpo 276: (-0.923189, 3.299939, 0.133119)
Cuerpo 277: (-0.765805, 3.275529, 0.175069)
Cuerpo 278: (-0.388226, 3.017407, 0.286568)
Cuerpo 279: (0.354022, -0.761309, -1.273057)
Cuerpo 280: (1.494386, 2.646074, 0.440576)
Cuerpo 281: (-0.099351, 0.072611, -0.598671)
Cuerpo 282: (0.964848, 1.493406, -1.998800)
Cuerpo 283: (-5.205317, -0.720721, 0.953464)
Cuerpo 284: (-1.096192, -1.319671, -1.590331)
Cuerpo 285: (-0.283282, 0.764351, 0.150205)
Cuerpo 286: (-0.175769, 0.728051, 0.024413)
Cuerpo 287: (-1.929126, 1.853345, -0.758713)
Cuerpo 288: (6.468540, 1.151049, -2.114452)
Cuerpo 289: (-2.513955, 0.749002, 3.597987)
Cuerpo 290: (-1.639221, 2.189275, -1.338460)
Cuerpo 291: (-1.085447, 2.169908, -2.818789)
Cuerpo 292: (-1.653861, -10.915734, 6.833876)
Cuerpo 293: (1.438805, 4.193355, -0.929405)
Cuerpo 294: (2.854785, 8.600542, -2.099653)
Cuerpo 295: (-0.265287, 5.035061, -0.617678)
Cuerpo 296: (-0.338798, 1.068026, -0.039116)
Cuerpo 297: (-0.881212, 3.289782, -0.165115)
Cuerpo 298: (-1.777909, 3.203561, -0.024638)
Cuerpo 299: (-1.559104, 2.790362, 0.090934)
Cuerpo 300: (-1.354224, 2.820245, 0.305978)
Cuerpo 301: (-1.181411, 2.744268, 0.398697)
Cuerpo 302: (-0.376715, 4.681933, 0.747184)
Cuerpo 303: (1.056453, -0.964177, -0.910052)
Cuerpo 304: (-2.011645, 1.537385, 0.554798)
Cuerpo 305: (-0.892611, 1.202721, 0.009963)
Cuerpo 306: (-5.535108, -13.396116, 6.829239)
Cuerpo 307: (-4.800594, -3.085292, 0.630954)
Cuerpo 308: (3.675355, 2.363801, -1.314344)
Cuerpo 309: (-1.999087, 5.615641, -0.260137)
Cuerpo 310: (0.461653, -1.059904, 2.473822)
Cuerpo 311: (34.313446, -152.758749, -2.709049)
Cuerpo 312: (10.389902, 9.669558, 8.266535)
Cuerpo 313: (-0.369101, -0.818760, 1.839511)
Cuerpo 314: (0.054901, 0.629590, -0.046184)
Cuerpo 315: (-0.016352, 0.127350, 1.176677)
Cuerpo 316: (-0.398616, 4.453763, -0.837220)
Cuerpo 317: (-1.521490, 4.005130, -0.600115)
Cuerpo 318: (-0.540527, 1.301119, -0.132944)
Cuerpo 319: (-1.285021, 2.423830, -0.229236)
Cuerpo 320: (-1.648779, 2.929445, -0.087961)
Cuerpo 321: (-2.267592, 2.637126, -0.017575)
Cuerpo 322: (-2.081239, 2.452335, 0.187191)
Cuerpo 323: (-1.542328, 1.977567, 0.284375)
Cuerpo 324: (-1.626871, 2.769258, 0.535230)
Cuerpo 325: (-2.101723, 3.951423, 0.869972)
Cuerpo 326: (1.574724, 2.255299, 0.289702)
Cuerpo 327: (0.844575, -1.398852, -1.955023)
Cuerpo 328: (-0.612726, 0.838418, -0.022040)
Cuerpo 329: (0.366907, 0.382785, -0.654355)
Cuerpo 330: (1.706662, 6.223342, -3.567853)
Cuerpo 331: (-4.998321, -1.504738, -1.335171)
Cuerpo 332: (-0.357723, 0.421683, -0.153053)
Cuerpo 333: (89.810214, 106.856047, 37.842026)
Cuerpo 334: (0.879637, 2.385220, -0.597854)
Cuerpo 335: (-0.060220, 1.161444, 0.207628)
Cuerpo 336: (-1.900420, -3.593667, -0.156797)
Cuerpo 337: (5.147782, 6.054760, 3.220171)
Cuerpo 338: (0.001113, -0.197935, -0.072066)
Cuerpo 339: (-0.158524, -0.245613, 0.129380)
Cuerpo 340: (0.750987, -0.210842, 0.048208)
Cuerpo 341: (-1.943875, 2.790661, -0.563405)
Cuerpo 342: (-2.318140, 2.820148, -0.373798)
Cuerpo 343: (-2.273419, 2.725588, -0.216860)
Cuerpo 344: (-2.238805, 1.970943, 0.020225)
Cuerpo 345: (-2.740582, 2.481575, 0.361577)
Cuerpo 346: (-2.601872, 2.431769, 0.622667)
Cuerpo 347: (-1.986363, 1.924055, 0.606796)
Cuerpo 348: (-2.771059, 2.949646, 1.140089)
Cuerpo 349: (1.124872, 0.821674, -0.121438)
Cuerpo 350: (2.658573, 8.764754, 5.208970)
Cuerpo 351: (-0.707854, 0.715614, 0.024120)
Cuerpo 352: (-1.209608, 0.779452, 0.571130)
Cuerpo 353: (0.411719, 1.134036, 0.323799)
Cuerpo 354: (-5.914934, 27.155033, -9.039687)
Cuerpo 355: (-4.987380, -1.556613, 0.031192)
Cuerpo 356: (-0.114448, -0.855724, 0.229448)
Cuerpo 357: (-0.677077, 0.583638, 1.506417)
Cuerpo 358: (3.097754, 1.511805, 3.609215)
Cuerpo 359: (2.624013, 14.026395, -2.353835)
Cuerpo 360: (-0.225226, 0.876483, -0.108971)
Cuerpo 361: (3.664913, 1.804075, -1.976553)
Cuerpo 362: (-1.346004, 5.248483, -1.505265)
Cuerpo 363: (-2.342641, 1.391459, 0.478333)
Cuerpo 364: (-2.783836, 2.629490, -0.816839)
Cuerpo 365: (-2.750917, 2.464085, -0.544787)
Cuerpo 366: (-4.268597, 4.911399, 0.441840)
Cuerpo 367: (2.597958, -4.040629, 0.052052)
Cuerpo 368: (-1.807184, -1.973264, -1.327838)
Cuerpo 369: (0.787878, 0.566517, -0.174731)
Cuerpo 370: (-3.274907, 9.029750, 2.307350)
Cuerpo 371: (-2.265343, 1.809604, 0.861138)
Cuerpo 372: (-0.843699, 0.945826, -0.330209)
Cuerpo 373: (-2.429478, 9.291634, 1.813305)
Cuerpo 374: (0.989513, 0.460364, -0.321125)
Cuerpo 375: (0.614430, 0.434945, -0.957047)
Cuerpo 376: (-2.381056, 2.631550, 0.892040)
Cuerpo 377: (0.137212, 4.495154, 0.577709)
Cuerpo 378: (-0.252144, 9.937938, -0.592872)
Cuerpo 379: (0.273710, -0.060183, -0.178020)
Cuerpo 380: (-0.809790, 3.582236, -0.957532)
Cuerpo 381: (0.145010, 1.222727, -1.239936)
Cuerpo 382: (-0.351093, 0.074466, 1.129028)
Cuerpo 383: (2.423362, -2.764345, 3.422691)
Cuerpo 384: (-2.479404, 3.793761, -1.107066)
Cuerpo 385: (-0.581016, 0.918965, -0.183478)
Cuerpo 386: (-2.612971, 1.964346, -1.002546)
Cuerpo 387: (-3.981343, 4.452882, -1.906682)
Cuerpo 388: (-2.126780, 1.542559, -0.448275)
Cuerpo 389: (-10.617396, 18.441817, -2.607134)
Cuerpo 390: (-1.294226, 3.909354, -0.005431)
Cuerpo 391: (8.800875, -7.523724, -3.570978)
Cuerpo 392: (-0.656222, 10.246875, 2.647714)
Cuerpo 393: (-0.923901, 1.440852, 0.868716)
Cuerpo 394: (-2.757419, 1.833482, 1.247980)
Cuerpo 395: (2.225738, -0.434045, -2.250749)
Cuerpo 396: (-2.652234, 2.039231, 1.039561)
Cuerpo 397: (0.749422, -0.140415, -1.390878)
Cuerpo 398: (0.656745, -0.465595, -1.514039)
Cuerpo 399: (-0.220898, 0.271736, -0.011115)
Cuerpo 400: (-0.660671, 0.074412, 0.100495)
Cuerpo 401: (7.336682, 1.166810, -0.637763)
Cuerpo 402: (-6.240112, 13.817091, 2.175617)
Cuerpo 403: (-1.155575, 3.503795, -0.454258)
Cuerpo 404: (-0.235344, 0.705263, 0.006700)
Cuerpo 405: (0.307564, 0.369757, 0.423678)
Cuerpo 406: (0.814575, 15.157831, -2.616762)
Cuerpo 407: (0.728885, 1.923438, -1.151213)
Cuerpo 408: (-1.508434, 4.819790, -2.117139)
Cuerpo 409: (2.082030, -7.608321, 3.767616)
Cuerpo 410: (-1.462973, -2.104284, 1.812016)
Cuerpo 411: (0.716392, -0.437041, 0.411887)
Cuerpo 412: (9.328143, -6.905986, 0.481183)
Cuerpo 413: (-33.073917, 32.648470, -0.505884)
Cuerpo 414: (0.535124, 1.060089, -0.031926)
Cuerpo 415: (4.725338, -3.974167, -2.113586)
Cuerpo 416: (-2.862445, -2.585221, -2.050254)
Cuerpo 417: (0.743576, -0.459195, -0.653834)
Cuerpo 418: (1.506029, -2.521113, -3.870704)
Cuerpo 419: (-1.320574, 2.670903, 1.449100)
Cuerpo 420: (-2.419205, 5.743010, 2.026373)
Cuerpo 421: (-1.096331, 0.305966, -0.469728)
Cuerpo 422: (-0.697524, 2.170112, 0.373531)
Cuerpo 423: (4.902737, -5.194525, 0.624669)
Cuerpo 424: (-5.209513, 4.292629, -0.248565)
Cuerpo 425: (-0.076785, 0.619535, 0.084160)
Cuerpo 426: (-1.260530, 2.886892, -1.586207)
Cuerpo 427: (10.681619, 18.294783, -1.280371)
Cuerpo 428: (-0.008810, 0.809495, 0.911936)
Cuerpo 429: (-0.625568, 0.958420, -1.054839)
Cuerpo 430: (-1.066559, 1.400302, -0.914953)
Cuerpo 431: (1.015917, -0.763824, 0.578670)
Cuerpo 432: (1.677549, -2.095661, 1.505607)
Cuerpo 433: (-0.662092, 3.499026, -1.376944)
Cuerpo 434: (0.632887, -0.681733, 0.156249)
Cuerpo 435: (-7.341075, -0.514673, -0.052782)
Cuerpo 436: (-4.157247, 6.637435, 0.041898)
Cuerpo 437: (-1.671318, 3.277572, 1.433550)
Cuerpo 438: (-0.441280, 0.719869, -0.630924)
Cuerpo 439: (0.341447, -1.040693, -0.706368)
Cuerpo 440: (-0.252817, -0.382563, -0.278233)
Cuerpo 441: (5.438402, -6.063518, -2.916451)
Cuerpo 442: (-1.674855, -0.183790, 0.111237)
Cuerpo 443: (-0.264836, 0.770039, 0.098416)
Cuerpo 444: (-2.305644, 2.309427, 1.997800)
Cuerpo 445: (6.104635, -2.084828, -3.718615)
Cuerpo 446: (-30.986302, 6.100440, 2.898236)
Cuerpo 447: (-6.181125, 2.085705, 0.568001)
Cuerpo 448: (-0.280424, 0.676965, 0.215886)
Cuerpo 449: (-2.825970, -0.645972, 0.155913)
Cuerpo 450: (12.590726, -7.774570, 2.424721)
Cuerpo 451: (-0.345177, 1.007976, -0.103301)
Cuerpo 452: (-0.546290, 0.940024, -0.225493)
Cuerpo 453: (-1.364022, 1.612001, -1.047313)
Cuerpo 454: (1.726137, 0.904309, 0.300539)
Cuerpo 455: (-0.510875, 0.088467, 0.372569)
Cuerpo 456: (-0.591087, 1.445606, -0.397111)
Cuerpo 457: (1.504929, 0.806146, 0.599678)
Cuerpo 458: (-0.506828, -0.204513, 0.740712)
Cuerpo 459: (1.564575, 2.864378, -0.043323)
Cuerpo 460: (0.893631, 2.056749, 0.623813)
Cuerpo 461: (0.430132, 2.767343, 1.655167)
Cuerpo 462: (0.920181, -4.335520, -3.080548)
Cuerpo 463: (-1.410229, 11.107790, -0.752139)
Cuerpo 464: (-1.367199, 3.818440, 3.711817)
Cuerpo 465: (-0.452151, 0.694400, 0.247727)
Cuerpo 466: (3.648441, -4.884163, -3.077295)
Cuerpo 467: (-1.209694, 1.498900, 3.647335)
Cuerpo 468: (-8.203811, 3.792940, 0.420766)
Cuerpo 469: (-38.291164, 10.336064, -0.490772)
Cuerpo 470: (11.118732, 4.180873, -0.715490)
Cuerpo 471: (-25.074540, 13.449263, 2.909339)
Cuerpo 472: (-27.361395, 7.619663, -0.975298)
Cuerpo 473: (3.324159, -4.207654, -0.398468)
Cuerpo 474: (0.138174, -0.272312, -0.509035)
Cuerpo 475: (-0.500007, 1.723910, -0.385797)
Cuerpo 476: (-0.198612, 1.384765, -0.310953)
Cuerpo 477: (-0.449125, 1.523885, 0.935230)
Cuerpo 478: (-7.335617, 28.217082, -18.666751)
Cuerpo 479: (-0.134013, 2.295642, -1.598600)
Cuerpo 480: (0.897030, 2.917029, -1.380299)
Cuerpo 481: (2.129883, 3.761951, -0.534671)
Cuerpo 482: (0.927831, 2.730566, -0.240864)
Cuerpo 483: (1.458103, 3.437482, 0.442534)
Cuerpo 484: (1.365394, 3.601589, 0.935168)
Cuerpo 485: (0.195684, 1.586533, 0.662981)
Cuerpo 486: (-0.855278, -0.720907, -0.623110)
Cuerpo 487: (-0.428121, 0.205406, -0.247421)
Cuerpo 488: (0.002286, -0.654753, 0.164989)
Cuerpo 489: (9.195602, -8.818635, -2.842795)
Cuerpo 490: (-0.899940, 0.111512, -0.213996)
Cuerpo 491: (-16.152027, 7.542425, -3.442285)
Cuerpo 492: (-15.584820, 6.391763, -3.049484)
Cuerpo 493: (28.812041, 8.253552, -15.955246)
Cuerpo 494: (-0.151775, 0.625921, 0.025154)
Cuerpo 495: (-19.178600, 7.917457, 4.042901)
Cuerpo 496: (2.147344, -7.619843, 8.871485)
Cuerpo 497: (-1.174374, 1.133346, -0.061499)
Cuerpo 498: (-0.112152, 1.921334, -0.272128)
Cuerpo 499: (-1.730256, 5.201067, -2.451211)
Cuerpo 500: (-1.982719, -1.404836, -0.083846)
Cuerpo 501: (0.144909, 3.289174, -2.235766)
Cuerpo 502: (0.850380, 3.069588, -1.396759)
Cuerpo 503: (1.417632, 3.490280, -0.800928)
Cuerpo 504: (1.312119, 3.638058, -0.189696)
Cuerpo 505: (0.557316, 4.585299, 0.004254)
Cuerpo 506: (0.637619, 3.957182, 0.370846)
Cuerpo 507: (0.629895, 3.927739, 0.902542)
Cuerpo 508: (0.365543, 3.306549, 1.158504)
Cuerpo 509: (-0.088220, 1.193117, 0.256043)
Cuerpo 510: (-0.687818, -0.329556, -0.035598)
Cuerpo 511: (-0.371071, 0.524374, -0.045967)
